----------------------------------------------- 2019-11-11 11:12:14.881917
UDP message sent (731 bytes):

INVITE sip:service@10.204.66.84:5080 SIP/2.0
Via: SIP/2.0/UDP 10.204.66.5:5061;branch=z9hG4bK-20571-1-0
From: sipp <sip:sipp@10.204.66.5:5061>;tag=1
To: sut <sip:service@10.204.66.84:5080>
Call-ID: 1-20571@10.204.66.5
CSeq: 1 INVITE
Contact: sip:sipp@10.204.66.5:5061
Max-Forwards: 70
Subject: Performance Test
Content-Type: application/sdp
Content-Length:   215
X-DolbyVoice-Client-LogId: 3339_joinfixed_apoff_mute_apon_unmute.xml
X-DolbyVoice-Stats: conn.*
X-DolbyVoice-MediaServer-MultiCodec:   0

v=0
o=user1 53655765 2353687637 IN IP4 10.204.66.5
s=-
c=IN IP4 10.204.66.5
t=0 0
m=audio 6000 RTP/AVP 98 110
a=rtpmap:98 AMR/8000
a=fmtp:98 octet-align=1
a=rtpmap:110 telephone-event/8000
a=fmtp:110 0-16

----------------------------------------------- 2019-11-11 11:12:14.882662
UDP message received [270] bytes :

SIP/2.0 100 Trying
Via: SIP/2.0/UDP 10.204.66.5:5061;branch=z9hG4bK-20571-1-0
From: sipp <sip:sipp@10.204.66.5:5061>;tag=1
To: sut <sip:service@10.204.66.84:5080>
Call-ID: 1-20571@10.204.66.5
CSeq: 1 INVITE
User-Agent: sofia-sip/1.12.10devel
Content-Length: 0


----------------------------------------------- 2019-11-11 11:12:14.904500
UDP message received [1082] bytes :

SIP/2.0 200 OK
Via: SIP/2.0/UDP 10.204.66.5:5061;branch=z9hG4bK-20571-1-0
From: sipp <sip:sipp@10.204.66.5:5061>;tag=1
To: sut <sip:service@10.204.66.84:5080>;tag=QeaFFKm8S7XcS
Call-ID: 1-20571@10.204.66.5
CSeq: 1 INVITE
Contact: <sip:10.204.66.84:5080>
User-Agent: sofia-sip/1.12.10devel
Accept: application/sdp, text/*, application/msml+xml, application/moml+xml
Allow: INVITE, ACK, BYE, CANCEL, OPTIONS, PRACK, MESSAGE, SUBSCRIBE, NOTIFY, REFER, UPDATE, REGISTER, INFO
Supported: timer, 100rel
Session-Expires: 3600;refresher=uas
Content-Type: application/sdp
Content-Disposition: session
Content-Length: 341
X-DolbyVoice-MediaServer-Version: Dolby Voice Conference Server - Conference Server 3.0.0.5224205 - Production

v=0
o=- 1573431712 1573431712 IN IP4 10.204.66.84
s=media server session
c=IN IP4 10.204.66.84
t=0 0
m=audio 25644 RTP/AVP 98 110
a=rtpmap:98 AMR/8000
a=fmtp:98 max-red=0;mode-change-capability=2;mode-change-neighbor=0;mode-change-period=1;octet-align=1
a=rtpmap:110 telephone-event/8000
a=fmtp:110 0-15
a=ptime:20
a=maxptime:20

----------------------------------------------- 2019-11-11 11:12:14.904897
UDP message sent (353 bytes):

ACK sip:service@10.204.66.84:5080 SIP/2.0
Via: SIP/2.0/UDP 10.204.66.5:5061;branch=z9hG4bK-20571-1-5
From: sipp <sip:sipp@10.204.66.5:5061>;tag=1
To: sut <sip:service@10.204.66.84:5080>;tag=QeaFFKm8S7XcS
Call-ID: 1-20571@10.204.66.5
CSeq: 1 ACK
Contact: sip:sipp@10.204.66.5:5061
Max-Forwards: 70
Subject: Performance Test
Content-Length: 0


----------------------------------------------- 2019-11-11 11:12:16.910870
UDP message sent (726 bytes):

INFO sip:service@10.204.66.84:5080 SIP/2.0
Via: SIP/2.0/UDP 10.204.66.5:5061;branch=z9hG4bK-20571-1-8
From: sipp <sip:sipp@10.204.66.5:5061>;tag=1
To: sut <sip:service@10.204.66.84:5080>;tag=QeaFFKm8S7XcS
Call-ID: 1-20571@10.204.66.5
CSeq: 2 INFO
Contact: sip:sipp@10.204.66.5:5061
Accept: application/sdp, text/*, application/msml+xml, application/moml+xml
Allow: INVITE, ACK, BYE, CANCEL, OPTIONS, PRACK, MESSAGE, SUBSCRIBE, NOTIFY, REFER, UPDATE, REGISTER, INFO
Supported: 100rel
Content-Type: application/msml+xml
Content-Length:   172

<msml version="1.1">
<createconference name="conf_0" deletewhen="nomedia">
<audiomix>
<asn ri=" 90s" />
<n-loudest n="4" />
</audiomix>
</createconference>
</msml>

----------------------------------------------- 2019-11-11 11:12:16.912115
UDP message received [532] bytes :

SIP/2.0 200 OK
Via: SIP/2.0/UDP 10.204.66.5:5061;branch=z9hG4bK-20571-1-8
From: sipp <sip:sipp@10.204.66.5:5061>;tag=1
To: sut <sip:service@10.204.66.84:5080>;tag=QeaFFKm8S7XcS
Call-ID: 1-20571@10.204.66.5
CSeq: 2 INFO
User-Agent: sofia-sip/1.12.10devel
Allow: INVITE, ACK, BYE, CANCEL, OPTIONS, PRACK, MESSAGE, SUBSCRIBE, NOTIFY, REFER, UPDATE, REGISTER, INFO
Supported: timer, 100rel
Content-Type: application/msml+xml
Content-Length: 79

<?xml version="1.0"?>
<msml version="1.1">
  <result response="200" />
</msml>

----------------------------------------------- 2019-11-11 11:12:17.918126
UDP message sent (827 bytes):

INFO sip:service@10.204.66.84:5080 SIP/2.0
Via: SIP/2.0/UDP 10.204.66.5:5061;branch=z9hG4bK-20571-1-12
From: sipp <sip:sipp@10.204.66.5:5061>;tag=1
To: sut <sip:service@10.204.66.84:5080>;tag=QeaFFKm8S7XcS
Call-ID: 1-20571@10.204.66.5
CSeq: 3 INFO
Contact: sip:sipp@10.204.66.5:5061
Accept: application/sdp, text/*, application/msml+xml, application/moml+xml
Allow: INVITE, ACK, BYE, CANCEL, OPTIONS, PRACK, MESSAGE, SUBSCRIBE, NOTIFY, REFER, UPDATE, REGISTER, INFO
Supported: 100rel
Content-Type: application/msml+xml
Content-Length:   272

<msml version="1.1">
<join id1="conn:QeaFFKm8S7XcS" id2="conf:conf_0">
<stream dir="to-id1" media="audio">
<clamp dtmf="false" />
<gain amt="0" />
</stream>
<stream dir="from-id1" media="audio">
<clamp dtmf="true" />
<gain amt="0" />
</stream>
</join>
</msml>

----------------------------------------------- 2019-11-11 11:12:17.920331
UDP message received [533] bytes :

SIP/2.0 200 OK
Via: SIP/2.0/UDP 10.204.66.5:5061;branch=z9hG4bK-20571-1-12
From: sipp <sip:sipp@10.204.66.5:5061>;tag=1
To: sut <sip:service@10.204.66.84:5080>;tag=QeaFFKm8S7XcS
Call-ID: 1-20571@10.204.66.5
CSeq: 3 INFO
User-Agent: sofia-sip/1.12.10devel
Allow: INVITE, ACK, BYE, CANCEL, OPTIONS, PRACK, MESSAGE, SUBSCRIBE, NOTIFY, REFER, UPDATE, REGISTER, INFO
Supported: timer, 100rel
Content-Type: application/msml+xml
Content-Length: 79

<?xml version="1.0"?>
<msml version="1.1">
  <result response="200" />
</msml>

----------------------------------------------- 2019-11-11 11:12:23.934380
UDP message sent (640 bytes):

INFO sip:service@10.204.66.84:5080 SIP/2.0
Via: SIP/2.0/UDP 10.204.66.5:5061;branch=z9hG4bK-20571-1-18
From: sipp <sip:sipp@10.204.66.5:5061>;tag=1
To: sut <sip:service@10.204.66.84:5080>;tag=QeaFFKm8S7XcS
Call-ID: 1-20571@10.204.66.5
CSeq: 4 INFO
Contact: sip:sipp@10.204.66.5:5061
Accept: application/sdp, text/*, application/msml+xml, application/moml+xml
Allow: INVITE, ACK, BYE, CANCEL, OPTIONS, PRACK, MESSAGE, SUBSCRIBE, NOTIFY, REFER, UPDATE, REGISTER, INFO
Supported: 100rel
Content-Type: application/msml+xml
Content-Length:    85

<msml version="1.1">
<stats queryid="conn:QeaFFKm8S7XcS" list="conn.*" />
</msml>

----------------------------------------------- 2019-11-11 11:12:23.935421
UDP message received [533] bytes :

SIP/2.0 200 OK
Via: SIP/2.0/UDP 10.204.66.5:5061;branch=z9hG4bK-20571-1-18
From: sipp <sip:sipp@10.204.66.5:5061>;tag=1
To: sut <sip:service@10.204.66.84:5080>;tag=QeaFFKm8S7XcS
Call-ID: 1-20571@10.204.66.5
CSeq: 4 INFO
User-Agent: sofia-sip/1.12.10devel
Allow: INVITE, ACK, BYE, CANCEL, OPTIONS, PRACK, MESSAGE, SUBSCRIBE, NOTIFY, REFER, UPDATE, REGISTER, INFO
Supported: timer, 100rel
Content-Type: application/msml+xml
Content-Length: 79

<?xml version="1.0"?>
<msml version="1.1">
  <result response="200" />
</msml>

----------------------------------------------- 2019-11-11 11:12:23.956400
UDP message received [3462] bytes :

INFO sip:sipp@10.204.66.5:5061 SIP/2.0
Via: SIP/2.0/UDP 10.204.66.84:5080;branch=z9hG4bK98HUc6Fc2cgtc
Max-Forwards: 70
From: sut <sip:service@10.204.66.84:5080>;tag=QeaFFKm8S7XcS
To: sipp <sip:sipp@10.204.66.5:5061>;tag=1
Call-ID: 1-20571@10.204.66.5
CSeq: 12162068 INFO
User-Agent: sofia-sip/1.12.10devel
Allow: INVITE, ACK, BYE, CANCEL, OPTIONS, PRACK, MESSAGE, SUBSCRIBE, NOTIFY, REFER, UPDATE, REGISTER, INFO
Supported: timer, 100rel
Content-Type: application/msml+xml
Content-Length: 2954

<?xml version="1.0"?>
<msml version="1.1">
  <result response="200">
    <stats targetid="conn:QeaFFKm8S7XcS">
      <dur>9058</dur>
      <net>
        <in>
          <pkts>
            <total>249</total>
            <lost>0</lost>
          </pkts>
          <bytes>
            <total>8217</total>
          </bytes>
          <jitter>
            <cur>0</cur>
            <avg>0</avg>
            <max>0</max>
          </jitter>
        </in>
        <out>
          <pkts>
            <total>0</total>
          </pkts>
          <bytes>
            <total>0</total>
          </bytes>
        </out>
      </net>
      <audio>
        <in>
          <dc>1.96119e-06</dc>
          <pkts>
            <total>249</total>
          </pkts>
          <latency>
            <required>100</required>
            <applied>100</applied>
          </latency>
          <voice>
            <ampl>
              <max>-5.118</max>
            </ampl>
            <pow>
              <min>-53.3655</min>
              <max>-18.0214</max>
              <avg>-26.1048</avg>
            </pow>
          </voice>
          <noise>
            <pow>
              <min>-64.5253</min>
              <max>-63.733</max>
              <avg>-64.2605</avg>
            </pow>
          </noise>
          <snr>
            <min>11.1281</min>
            <max>46.4757</max>
            <avg>38.1557</avg>
          </snr>
          <gain>
            <applied>
              <cur>0</cur>
              <avg>0</avg>
              <min>0</min>
              <max>0</max>
            </applied>
          </gain>
          <quality>
            <moswb>
              <postvqe>
                <cur>-1</cur>
                <avg>-1</avg>
                <min>-1</min>
                <max>-1</max>
                <nofec>
                  <cur>-1</cur>
                  <avg>-1</avg>
                  <min>-1</min>
                  <max>-1</max>
                </nofec>
              </postvqe>
            </moswb>
            <mosnb>
              <postvqe>
                <cur>-1</cur>
                <avg>-1</avg>
                <min>-1</min>
                <max>-1</max>
                <nofec>
                  <cur>-1</cur>
                  <avg>-1</avg>
                  <min>-1</min>
                  <max>-1</max>
                </nofec>
              </postvqe>
            </mosnb>
            <rfactor>
              <postvqe>
                <cur>-1</cur>
                <avg>-1</avg>
                <min>-1</min>
                <max>-1</max>
                <nofec>
                  <cur>-1</cur>
                  <avg>-1</avg>
                  <min>-1</min>
                  <max>-1</max>
                </nofec>
              </postvqe>
            </rfactor>
          </quality>
        </in>
        <out>
          <pkts>
            <total>0</total>
          </pkts>
        </out>
      </audio>
    </stats>
  </result>
</msml>

----------------------------------------------- 2019-11-11 11:12:23.956637
UDP message sent (304 bytes):

SIP/2.0 200 OK
Via: SIP/2.0/UDP 10.204.66.84:5080;branch=z9hG4bK98HUc6Fc2cgtc
From: sut <sip:service@10.204.66.84:5080>;tag=QeaFFKm8S7XcS
To: sipp <sip:sipp@10.204.66.5:5061>;tag=1
Call-ID: 1-20571@10.204.66.5
CSeq: 12162068 INFO
Contact: <sip:10.204.66.5:5061;transport=UDP>
Content-Length: 0


----------------------------------------------- 2019-11-11 11:12:33.962635
UDP message sent (836 bytes):

INFO sip:service@10.204.66.84:5080 SIP/2.0
Via: SIP/2.0/UDP 10.204.66.5:5061;branch=z9hG4bK-20571-1-25
From: sipp <sip:sipp@10.204.66.5:5061>;tag=1
To: sut <sip:service@10.204.66.84:5080>;tag=QeaFFKm8S7XcS
Call-ID: 1-20571@10.204.66.5
CSeq: 12162069 INFO
Contact: sip:sipp@10.204.66.5:5061
Accept: application/sdp, text/*, application/msml+xml, application/moml+xml
Allow: INVITE, ACK, BYE, CANCEL, OPTIONS, PRACK, MESSAGE, SUBSCRIBE, NOTIFY, REFER, UPDATE, REGISTER, INFO
Supported: 100rel
Content-Type: application/msml+xml
Content-Length:   274

<msml version="1.1">
<join id1="conn:QeaFFKm8S7XcS" id2="conf:conf_0">
<stream dir="to-id1" media="audio">
<clamp dtmf="false" />
<gain amt="0" />
</stream>
<stream dir="from-id1" media="audio">
<clamp dtmf="true" />
<gain amt="-15" />
</stream>
</join>
</msml>

----------------------------------------------- 2019-11-11 11:12:33.963841
UDP message received [540] bytes :

SIP/2.0 200 OK
Via: SIP/2.0/UDP 10.204.66.5:5061;branch=z9hG4bK-20571-1-25
From: sipp <sip:sipp@10.204.66.5:5061>;tag=1
To: sut <sip:service@10.204.66.84:5080>;tag=QeaFFKm8S7XcS
Call-ID: 1-20571@10.204.66.5
CSeq: 12162069 INFO
User-Agent: sofia-sip/1.12.10devel
Allow: INVITE, ACK, BYE, CANCEL, OPTIONS, PRACK, MESSAGE, SUBSCRIBE, NOTIFY, REFER, UPDATE, REGISTER, INFO
Supported: timer, 100rel
Content-Type: application/msml+xml
Content-Length: 79

<?xml version="1.0"?>
<msml version="1.1">
  <result response="200" />
</msml>

----------------------------------------------- 2019-11-11 11:12:38.970552
UDP message sent (647 bytes):

INFO sip:service@10.204.66.84:5080 SIP/2.0
Via: SIP/2.0/UDP 10.204.66.5:5061;branch=z9hG4bK-20571-1-29
From: sipp <sip:sipp@10.204.66.5:5061>;tag=1
To: sut <sip:service@10.204.66.84:5080>;tag=QeaFFKm8S7XcS
Call-ID: 1-20571@10.204.66.5
CSeq: 12162070 INFO
Contact: sip:sipp@10.204.66.5:5061
Accept: application/sdp, text/*, application/msml+xml, application/moml+xml
Allow: INVITE, ACK, BYE, CANCEL, OPTIONS, PRACK, MESSAGE, SUBSCRIBE, NOTIFY, REFER, UPDATE, REGISTER, INFO
Supported: 100rel
Content-Type: application/msml+xml
Content-Length:    85

<msml version="1.1">
<stats queryid="conn:QeaFFKm8S7XcS" list="conn.*" />
</msml>

----------------------------------------------- 2019-11-11 11:12:38.971801
UDP message received [540] bytes :

SIP/2.0 200 OK
Via: SIP/2.0/UDP 10.204.66.5:5061;branch=z9hG4bK-20571-1-29
From: sipp <sip:sipp@10.204.66.5:5061>;tag=1
To: sut <sip:service@10.204.66.84:5080>;tag=QeaFFKm8S7XcS
Call-ID: 1-20571@10.204.66.5
CSeq: 12162070 INFO
User-Agent: sofia-sip/1.12.10devel
Allow: INVITE, ACK, BYE, CANCEL, OPTIONS, PRACK, MESSAGE, SUBSCRIBE, NOTIFY, REFER, UPDATE, REGISTER, INFO
Supported: timer, 100rel
Content-Type: application/msml+xml
Content-Length: 79

<?xml version="1.0"?>
<msml version="1.1">
  <result response="200" />
</msml>

----------------------------------------------- 2019-11-11 11:12:38.992851
UDP message received [3563] bytes :

INFO sip:sipp@10.204.66.5:5061 SIP/2.0
Via: SIP/2.0/UDP 10.204.66.84:5080;branch=z9hG4bKajBme10FZN6cr
Max-Forwards: 70
From: sut <sip:service@10.204.66.84:5080>;tag=QeaFFKm8S7XcS
To: sipp <sip:sipp@10.204.66.5:5061>;tag=1
Call-ID: 1-20571@10.204.66.5
CSeq: 12162069 INFO
User-Agent: sofia-sip/1.12.10devel
Allow: INVITE, ACK, BYE, CANCEL, OPTIONS, PRACK, MESSAGE, SUBSCRIBE, NOTIFY, REFER, UPDATE, REGISTER, INFO
Supported: timer, 100rel
Content-Type: application/msml+xml
Content-Length: 3055

<?xml version="1.0"?>
<msml version="1.1">
  <result response="200">
    <stats targetid="conn:QeaFFKm8S7XcS">
      <dur>24092</dur>
      <net>
        <in>
          <pkts>
            <total>751</total>
            <lost>0</lost>
          </pkts>
          <bytes>
            <total>24783</total>
          </bytes>
          <jitter>
            <cur>0</cur>
            <avg>0</avg>
            <max>0</max>
          </jitter>
        </in>
        <out>
          <pkts>
            <total>0</total>
          </pkts>
          <bytes>
            <total>0</total>
          </bytes>
        </out>
      </net>
      <audio>
        <in>
          <dc>-2.55525e-07</dc>
          <pkts>
            <total>751</total>
          </pkts>
          <latency>
            <required>20</required>
            <applied>100</applied>
          </latency>
          <voice>
            <ampl>
              <max>-5.38394</max>
            </ampl>
            <pow>
              <min>-59.2916</min>
              <max>-20.1797</max>
              <avg>-28.9669</avg>
            </pow>
          </voice>
          <noise>
            <pow>
              <min>-68.6757</min>
              <max>-66.7897</max>
              <avg>-67.6725</avg>
            </pow>
          </noise>
          <snr>
            <min>7.95705</min>
            <max>47.5461</max>
            <avg>38.7056</avg>
          </snr>
          <gain>
            <applied>
              <cur>0</cur>
              <avg>0</avg>
              <min>0</min>
              <max>0</max>
            </applied>
          </gain>
          <quality>
            <moswb>
              <postvqe>
                <cur>3.51975</cur>
                <avg>3.51975</avg>
                <min>3.51975</min>
                <max>3.51975</max>
                <nofec>
                  <cur>3.51975</cur>
                  <avg>3.51975</avg>
                  <min>3.51975</min>
                  <max>3.51975</max>
                </nofec>
              </postvqe>
            </moswb>
            <mosnb>
              <postvqe>
                <cur>4.29245</cur>
                <avg>4.29245</avg>
                <min>4.29245</min>
                <max>4.29245</max>
                <nofec>
                  <cur>4.29245</cur>
                  <avg>4.29245</avg>
                  <min>4.29245</min>
                  <max>4.29245</max>
                </nofec>
              </postvqe>
            </mosnb>
            <rfactor>
              <postvqe>
                <cur>88.2</cur>
                <avg>88.2</avg>
                <min>88.2</min>
                <max>88.2</max>
                <nofec>
                  <cur>88.2</cur>
                  <avg>88.2</avg>
                  <min>88.2</min>
                  <max>88.2</max>
                </nofec>
              </postvqe>
            </rfactor>
          </quality>
        </in>
        <out>
          <pkts>
            <total>0</total>
          </pkts>
        </out>
      </audio>
    </stats>
  </result>
</msml>

----------------------------------------------- 2019-11-11 11:12:38.993123
UDP message sent (304 bytes):

SIP/2.0 200 OK
Via: SIP/2.0/UDP 10.204.66.84:5080;branch=z9hG4bKajBme10FZN6cr
From: sut <sip:service@10.204.66.84:5080>;tag=QeaFFKm8S7XcS
To: sipp <sip:sipp@10.204.66.5:5061>;tag=1
Call-ID: 1-20571@10.204.66.5
CSeq: 12162069 INFO
Contact: <sip:10.204.66.5:5061;transport=UDP>
Content-Length: 0


----------------------------------------------- 2019-11-11 11:12:48.998931
UDP message sent (835 bytes):

INFO sip:service@10.204.66.84:5080 SIP/2.0
Via: SIP/2.0/UDP 10.204.66.5:5061;branch=z9hG4bK-20571-1-36
From: sipp <sip:sipp@10.204.66.5:5061>;tag=1
To: sut <sip:service@10.204.66.84:5080>;tag=QeaFFKm8S7XcS
Call-ID: 1-20571@10.204.66.5
CSeq: 12162071 INFO
Contact: sip:sipp@10.204.66.5:5061
Accept: application/sdp, text/*, application/msml+xml, application/moml+xml
Allow: INVITE, ACK, BYE, CANCEL, OPTIONS, PRACK, MESSAGE, SUBSCRIBE, NOTIFY, REFER, UPDATE, REGISTER, INFO
Supported: 100rel
Content-Type: application/msml+xml
Content-Length:   273

<msml version="1.1">
<join id1="conn:QeaFFKm8S7XcS" id2="conf:conf_0">
<stream dir="to-id1" media="audio">
<clamp dtmf="false" />
<gain amt="0" />
</stream>
<stream dir="from-id1" media="audio">
<clamp dtmf="true" />
<gain amt="30" />
</stream>
</join>
</msml>

----------------------------------------------- 2019-11-11 11:12:49.000139
UDP message received [540] bytes :

SIP/2.0 200 OK
Via: SIP/2.0/UDP 10.204.66.5:5061;branch=z9hG4bK-20571-1-36
From: sipp <sip:sipp@10.204.66.5:5061>;tag=1
To: sut <sip:service@10.204.66.84:5080>;tag=QeaFFKm8S7XcS
Call-ID: 1-20571@10.204.66.5
CSeq: 12162071 INFO
User-Agent: sofia-sip/1.12.10devel
Allow: INVITE, ACK, BYE, CANCEL, OPTIONS, PRACK, MESSAGE, SUBSCRIBE, NOTIFY, REFER, UPDATE, REGISTER, INFO
Supported: timer, 100rel
Content-Type: application/msml+xml
Content-Length: 79

<?xml version="1.0"?>
<msml version="1.1">
  <result response="200" />
</msml>

----------------------------------------------- 2019-11-11 11:12:54.006529
UDP message sent (647 bytes):

INFO sip:service@10.204.66.84:5080 SIP/2.0
Via: SIP/2.0/UDP 10.204.66.5:5061;branch=z9hG4bK-20571-1-40
From: sipp <sip:sipp@10.204.66.5:5061>;tag=1
To: sut <sip:service@10.204.66.84:5080>;tag=QeaFFKm8S7XcS
Call-ID: 1-20571@10.204.66.5
CSeq: 12162072 INFO
Contact: sip:sipp@10.204.66.5:5061
Accept: application/sdp, text/*, application/msml+xml, application/moml+xml
Allow: INVITE, ACK, BYE, CANCEL, OPTIONS, PRACK, MESSAGE, SUBSCRIBE, NOTIFY, REFER, UPDATE, REGISTER, INFO
Supported: 100rel
Content-Type: application/msml+xml
Content-Length:    85

<msml version="1.1">
<stats queryid="conn:QeaFFKm8S7XcS" list="conn.*" />
</msml>

----------------------------------------------- 2019-11-11 11:12:54.007759
UDP message received [540] bytes :

SIP/2.0 200 OK
Via: SIP/2.0/UDP 10.204.66.5:5061;branch=z9hG4bK-20571-1-40
From: sipp <sip:sipp@10.204.66.5:5061>;tag=1
To: sut <sip:service@10.204.66.84:5080>;tag=QeaFFKm8S7XcS
Call-ID: 1-20571@10.204.66.5
CSeq: 12162072 INFO
User-Agent: sofia-sip/1.12.10devel
Allow: INVITE, ACK, BYE, CANCEL, OPTIONS, PRACK, MESSAGE, SUBSCRIBE, NOTIFY, REFER, UPDATE, REGISTER, INFO
Supported: timer, 100rel
Content-Type: application/msml+xml
Content-Length: 79

<?xml version="1.0"?>
<msml version="1.1">
  <result response="200" />
</msml>

----------------------------------------------- 2019-11-11 11:12:54.039727
UDP message received [3561] bytes :

INFO sip:sipp@10.204.66.5:5061 SIP/2.0
Via: SIP/2.0/UDP 10.204.66.84:5080;branch=z9hG4bKBU4cgvHKvyvZK
Max-Forwards: 70
From: sut <sip:service@10.204.66.84:5080>;tag=QeaFFKm8S7XcS
To: sipp <sip:sipp@10.204.66.5:5061>;tag=1
Call-ID: 1-20571@10.204.66.5
CSeq: 12162070 INFO
User-Agent: sofia-sip/1.12.10devel
Allow: INVITE, ACK, BYE, CANCEL, OPTIONS, PRACK, MESSAGE, SUBSCRIBE, NOTIFY, REFER, UPDATE, REGISTER, INFO
Supported: timer, 100rel
Content-Type: application/msml+xml
Content-Length: 3053

<?xml version="1.0"?>
<msml version="1.1">
  <result response="200">
    <stats targetid="conn:QeaFFKm8S7XcS">
      <dur>39135</dur>
      <net>
        <in>
          <pkts>
            <total>752</total>
            <lost>0</lost>
          </pkts>
          <bytes>
            <total>24816</total>
          </bytes>
          <jitter>
            <cur>0</cur>
            <avg>0</avg>
            <max>0</max>
          </jitter>
        </in>
        <out>
          <pkts>
            <total>0</total>
          </pkts>
          <bytes>
            <total>0</total>
          </bytes>
        </out>
      </net>
      <audio>
        <in>
          <dc>-3.52937e-07</dc>
          <pkts>
            <total>752</total>
          </pkts>
          <latency>
            <required>20</required>
            <applied>20</applied>
          </latency>
          <voice>
            <ampl>
              <max>-5.88204</max>
            </ampl>
            <pow>
              <min>-64.7387</min>
              <max>-21.8792</max>
              <avg>-31.7482</avg>
            </pow>
          </voice>
          <noise>
            <pow>
              <min>-72.2704</min>
              <max>-68.2004</max>
              <avg>-70.5192</avg>
            </pow>
          </noise>
          <snr>
            <min>6.41491</min>
            <max>49.7645</max>
            <avg>38.771</avg>
          </snr>
          <gain>
            <applied>
              <cur>0</cur>
              <avg>0</avg>
              <min>0</min>
              <max>0</max>
            </applied>
          </gain>
          <quality>
            <moswb>
              <postvqe>
                <cur>3.51975</cur>
                <avg>3.51975</avg>
                <min>3.51975</min>
                <max>3.51975</max>
                <nofec>
                  <cur>3.51975</cur>
                  <avg>3.51975</avg>
                  <min>3.51975</min>
                  <max>3.51975</max>
                </nofec>
              </postvqe>
            </moswb>
            <mosnb>
              <postvqe>
                <cur>4.29245</cur>
                <avg>4.29245</avg>
                <min>4.29245</min>
                <max>4.29245</max>
                <nofec>
                  <cur>4.29245</cur>
                  <avg>4.29245</avg>
                  <min>4.29245</min>
                  <max>4.29245</max>
                </nofec>
              </postvqe>
            </mosnb>
            <rfactor>
              <postvqe>
                <cur>88.2</cur>
                <avg>88.2</avg>
                <min>88.2</min>
                <max>88.2</max>
                <nofec>
                  <cur>88.2</cur>
                  <avg>88.2</avg>
                  <min>88.2</min>
                  <max>88.2</max>
                </nofec>
              </postvqe>
            </rfactor>
          </quality>
        </in>
        <out>
          <pkts>
            <total>0</total>
          </pkts>
        </out>
      </audio>
    </stats>
  </result>
</msml>

----------------------------------------------- 2019-11-11 11:12:54.039934
UDP message sent (304 bytes):

SIP/2.0 200 OK
Via: SIP/2.0/UDP 10.204.66.84:5080;branch=z9hG4bKBU4cgvHKvyvZK
From: sut <sip:service@10.204.66.84:5080>;tag=QeaFFKm8S7XcS
To: sipp <sip:sipp@10.204.66.5:5061>;tag=1
Call-ID: 1-20571@10.204.66.5
CSeq: 12162070 INFO
Contact: <sip:10.204.66.5:5061;transport=UDP>
Content-Length: 0


----------------------------------------------- 2019-11-11 11:13:04.046855
UDP message sent (837 bytes):

INFO sip:service@10.204.66.84:5080 SIP/2.0
Via: SIP/2.0/UDP 10.204.66.5:5061;branch=z9hG4bK-20571-1-47
From: sipp <sip:sipp@10.204.66.5:5061>;tag=1
To: sut <sip:service@10.204.66.84:5080>;tag=QeaFFKm8S7XcS
Call-ID: 1-20571@10.204.66.5
CSeq: 12162073 INFO
Contact: sip:sipp@10.204.66.5:5061
Accept: application/sdp, text/*, application/msml+xml, application/moml+xml
Allow: INVITE, ACK, BYE, CANCEL, OPTIONS, PRACK, MESSAGE, SUBSCRIBE, NOTIFY, REFER, UPDATE, REGISTER, INFO
Supported: 100rel
Content-Type: application/msml+xml
Content-Length:   275

<msml version="1.1">
<join id1="conn:QeaFFKm8S7XcS" id2="conf:conf_0">
<stream dir="to-id1" media="audio">
<clamp dtmf="false" />
<gain amt="0" />
</stream>
<stream dir="from-id1" media="audio">
<clamp dtmf="true" />
<gain amt="mute" />
</stream>
</join>
</msml>

----------------------------------------------- 2019-11-11 11:13:04.048552
UDP message received [540] bytes :

SIP/2.0 200 OK
Via: SIP/2.0/UDP 10.204.66.5:5061;branch=z9hG4bK-20571-1-47
From: sipp <sip:sipp@10.204.66.5:5061>;tag=1
To: sut <sip:service@10.204.66.84:5080>;tag=QeaFFKm8S7XcS
Call-ID: 1-20571@10.204.66.5
CSeq: 12162073 INFO
User-Agent: sofia-sip/1.12.10devel
Allow: INVITE, ACK, BYE, CANCEL, OPTIONS, PRACK, MESSAGE, SUBSCRIBE, NOTIFY, REFER, UPDATE, REGISTER, INFO
Supported: timer, 100rel
Content-Type: application/msml+xml
Content-Length: 79

<?xml version="1.0"?>
<msml version="1.1">
  <result response="200" />
</msml>

----------------------------------------------- 2019-11-11 11:13:09.054372
UDP message sent (647 bytes):

INFO sip:service@10.204.66.84:5080 SIP/2.0
Via: SIP/2.0/UDP 10.204.66.5:5061;branch=z9hG4bK-20571-1-51
From: sipp <sip:sipp@10.204.66.5:5061>;tag=1
To: sut <sip:service@10.204.66.84:5080>;tag=QeaFFKm8S7XcS
Call-ID: 1-20571@10.204.66.5
CSeq: 12162074 INFO
Contact: sip:sipp@10.204.66.5:5061
Accept: application/sdp, text/*, application/msml+xml, application/moml+xml
Allow: INVITE, ACK, BYE, CANCEL, OPTIONS, PRACK, MESSAGE, SUBSCRIBE, NOTIFY, REFER, UPDATE, REGISTER, INFO
Supported: 100rel
Content-Type: application/msml+xml
Content-Length:    85

<msml version="1.1">
<stats queryid="conn:QeaFFKm8S7XcS" list="conn.*" />
</msml>

----------------------------------------------- 2019-11-11 11:13:09.056275
UDP message received [540] bytes :

SIP/2.0 200 OK
Via: SIP/2.0/UDP 10.204.66.5:5061;branch=z9hG4bK-20571-1-51
From: sipp <sip:sipp@10.204.66.5:5061>;tag=1
To: sut <sip:service@10.204.66.84:5080>;tag=QeaFFKm8S7XcS
Call-ID: 1-20571@10.204.66.5
CSeq: 12162074 INFO
User-Agent: sofia-sip/1.12.10devel
Allow: INVITE, ACK, BYE, CANCEL, OPTIONS, PRACK, MESSAGE, SUBSCRIBE, NOTIFY, REFER, UPDATE, REGISTER, INFO
Supported: timer, 100rel
Content-Type: application/msml+xml
Content-Length: 79

<?xml version="1.0"?>
<msml version="1.1">
  <result response="200" />
</msml>

----------------------------------------------- 2019-11-11 11:13:09.077641
UDP message received [3562] bytes :

INFO sip:sipp@10.204.66.5:5061 SIP/2.0
Via: SIP/2.0/UDP 10.204.66.84:5080;branch=z9hG4bKc4X5HQ2pS7jjF
Max-Forwards: 70
From: sut <sip:service@10.204.66.84:5080>;tag=QeaFFKm8S7XcS
To: sipp <sip:sipp@10.204.66.5:5061>;tag=1
Call-ID: 1-20571@10.204.66.5
CSeq: 12162071 INFO
User-Agent: sofia-sip/1.12.10devel
Allow: INVITE, ACK, BYE, CANCEL, OPTIONS, PRACK, MESSAGE, SUBSCRIBE, NOTIFY, REFER, UPDATE, REGISTER, INFO
Supported: timer, 100rel
Content-Type: application/msml+xml
Content-Length: 3054

<?xml version="1.0"?>
<msml version="1.1">
  <result response="200">
    <stats targetid="conn:QeaFFKm8S7XcS">
      <dur>54179</dur>
      <net>
        <in>
          <pkts>
            <total>753</total>
            <lost>0</lost>
          </pkts>
          <bytes>
            <total>24849</total>
          </bytes>
          <jitter>
            <cur>0</cur>
            <avg>0</avg>
            <max>0</max>
          </jitter>
        </in>
        <out>
          <pkts>
            <total>0</total>
          </pkts>
          <bytes>
            <total>0</total>
          </bytes>
        </out>
      </net>
      <audio>
        <in>
          <dc>-5.98005e-08</dc>
          <pkts>
            <total>753</total>
          </pkts>
          <latency>
            <required>20</required>
            <applied>20</applied>
          </latency>
          <voice>
            <ampl>
              <max>-5.04221</max>
            </ampl>
            <pow>
              <min>-64.5256</min>
              <max>-19.2501</max>
              <avg>-28.3232</avg>
            </pow>
          </voice>
          <noise>
            <pow>
              <min>-71.6252</min>
              <max>-68.2211</max>
              <avg>-69.9604</avg>
            </pow>
          </noise>
          <snr>
            <min>5.87257</min>
            <max>51.6002</max>
            <avg>41.6372</avg>
          </snr>
          <gain>
            <applied>
              <cur>0</cur>
              <avg>0</avg>
              <min>0</min>
              <max>0</max>
            </applied>
          </gain>
          <quality>
            <moswb>
              <postvqe>
                <cur>3.51975</cur>
                <avg>3.51975</avg>
                <min>3.51975</min>
                <max>3.51975</max>
                <nofec>
                  <cur>3.51975</cur>
                  <avg>3.51975</avg>
                  <min>3.51975</min>
                  <max>3.51975</max>
                </nofec>
              </postvqe>
            </moswb>
            <mosnb>
              <postvqe>
                <cur>4.29245</cur>
                <avg>4.29245</avg>
                <min>4.29245</min>
                <max>4.29245</max>
                <nofec>
                  <cur>4.29245</cur>
                  <avg>4.29245</avg>
                  <min>4.29245</min>
                  <max>4.29245</max>
                </nofec>
              </postvqe>
            </mosnb>
            <rfactor>
              <postvqe>
                <cur>88.2</cur>
                <avg>88.2</avg>
                <min>88.2</min>
                <max>88.2</max>
                <nofec>
                  <cur>88.2</cur>
                  <avg>88.2</avg>
                  <min>88.2</min>
                  <max>88.2</max>
                </nofec>
              </postvqe>
            </rfactor>
          </quality>
        </in>
        <out>
          <pkts>
            <total>0</total>
          </pkts>
        </out>
      </audio>
    </stats>
  </result>
</msml>

----------------------------------------------- 2019-11-11 11:13:09.077877
UDP message sent (304 bytes):

SIP/2.0 200 OK
Via: SIP/2.0/UDP 10.204.66.84:5080;branch=z9hG4bKc4X5HQ2pS7jjF
From: sut <sip:service@10.204.66.84:5080>;tag=QeaFFKm8S7XcS
To: sipp <sip:sipp@10.204.66.5:5061>;tag=1
Call-ID: 1-20571@10.204.66.5
CSeq: 12162071 INFO
Contact: <sip:10.204.66.5:5061;transport=UDP>
Content-Length: 0


----------------------------------------------- 2019-11-11 11:13:19.081987
UDP message sent (839 bytes):

INFO sip:service@10.204.66.84:5080 SIP/2.0
Via: SIP/2.0/UDP 10.204.66.5:5061;branch=z9hG4bK-20571-1-58
From: sipp <sip:sipp@10.204.66.5:5061>;tag=1
To: sut <sip:service@10.204.66.84:5080>;tag=QeaFFKm8S7XcS
Call-ID: 1-20571@10.204.66.5
CSeq: 12162075 INFO
Contact: sip:sipp@10.204.66.5:5061
Accept: application/sdp, text/*, application/msml+xml, application/moml+xml
Allow: INVITE, ACK, BYE, CANCEL, OPTIONS, PRACK, MESSAGE, SUBSCRIBE, NOTIFY, REFER, UPDATE, REGISTER, INFO
Supported: 100rel
Content-Type: application/msml+xml
Content-Length:   277

<msml version="1.1">
<join id1="conn:QeaFFKm8S7XcS" id2="conf:conf_0">
<stream dir="to-id1" media="audio">
<clamp dtmf="false" />
<gain amt="0" />
</stream>
<stream dir="from-id1" media="audio">
<clamp dtmf="true" />
<gain amt="unmute" />
</stream>
</join>
</msml>

----------------------------------------------- 2019-11-11 11:13:19.083256
UDP message received [540] bytes :

SIP/2.0 200 OK
Via: SIP/2.0/UDP 10.204.66.5:5061;branch=z9hG4bK-20571-1-58
From: sipp <sip:sipp@10.204.66.5:5061>;tag=1
To: sut <sip:service@10.204.66.84:5080>;tag=QeaFFKm8S7XcS
Call-ID: 1-20571@10.204.66.5
CSeq: 12162075 INFO
User-Agent: sofia-sip/1.12.10devel
Allow: INVITE, ACK, BYE, CANCEL, OPTIONS, PRACK, MESSAGE, SUBSCRIBE, NOTIFY, REFER, UPDATE, REGISTER, INFO
Supported: timer, 100rel
Content-Type: application/msml+xml
Content-Length: 79

<?xml version="1.0"?>
<msml version="1.1">
  <result response="200" />
</msml>

----------------------------------------------- 2019-11-11 11:13:24.090660
UDP message sent (647 bytes):

INFO sip:service@10.204.66.84:5080 SIP/2.0
Via: SIP/2.0/UDP 10.204.66.5:5061;branch=z9hG4bK-20571-1-62
From: sipp <sip:sipp@10.204.66.5:5061>;tag=1
To: sut <sip:service@10.204.66.84:5080>;tag=QeaFFKm8S7XcS
Call-ID: 1-20571@10.204.66.5
CSeq: 12162076 INFO
Contact: sip:sipp@10.204.66.5:5061
Accept: application/sdp, text/*, application/msml+xml, application/moml+xml
Allow: INVITE, ACK, BYE, CANCEL, OPTIONS, PRACK, MESSAGE, SUBSCRIBE, NOTIFY, REFER, UPDATE, REGISTER, INFO
Supported: 100rel
Content-Type: application/msml+xml
Content-Length:    85

<msml version="1.1">
<stats queryid="conn:QeaFFKm8S7XcS" list="conn.*" />
</msml>

----------------------------------------------- 2019-11-11 11:13:24.092452
UDP message received [540] bytes :

SIP/2.0 200 OK
Via: SIP/2.0/UDP 10.204.66.5:5061;branch=z9hG4bK-20571-1-62
From: sipp <sip:sipp@10.204.66.5:5061>;tag=1
To: sut <sip:service@10.204.66.84:5080>;tag=QeaFFKm8S7XcS
Call-ID: 1-20571@10.204.66.5
CSeq: 12162076 INFO
User-Agent: sofia-sip/1.12.10devel
Allow: INVITE, ACK, BYE, CANCEL, OPTIONS, PRACK, MESSAGE, SUBSCRIBE, NOTIFY, REFER, UPDATE, REGISTER, INFO
Supported: timer, 100rel
Content-Type: application/msml+xml
Content-Length: 79

<?xml version="1.0"?>
<msml version="1.1">
  <result response="200" />
</msml>

----------------------------------------------- 2019-11-11 11:13:24.113491
UDP message received [3561] bytes :

INFO sip:sipp@10.204.66.5:5061 SIP/2.0
Via: SIP/2.0/UDP 10.204.66.84:5080;branch=z9hG4bKDDQyKjKtpg94a
Max-Forwards: 70
From: sut <sip:service@10.204.66.84:5080>;tag=QeaFFKm8S7XcS
To: sipp <sip:sipp@10.204.66.5:5061>;tag=1
Call-ID: 1-20571@10.204.66.5
CSeq: 12162072 INFO
User-Agent: sofia-sip/1.12.10devel
Allow: INVITE, ACK, BYE, CANCEL, OPTIONS, PRACK, MESSAGE, SUBSCRIBE, NOTIFY, REFER, UPDATE, REGISTER, INFO
Supported: timer, 100rel
Content-Type: application/msml+xml
Content-Length: 3053

<?xml version="1.0"?>
<msml version="1.1">
  <result response="200">
    <stats targetid="conn:QeaFFKm8S7XcS">
      <dur>69214</dur>
      <net>
        <in>
          <pkts>
            <total>752</total>
            <lost>0</lost>
          </pkts>
          <bytes>
            <total>24816</total>
          </bytes>
          <jitter>
            <cur>0</cur>
            <avg>0</avg>
            <max>0</max>
          </jitter>
        </in>
        <out>
          <pkts>
            <total>0</total>
          </pkts>
          <bytes>
            <total>0</total>
          </bytes>
        </out>
      </net>
      <audio>
        <in>
          <dc>2.42555e-07</dc>
          <pkts>
            <total>752</total>
          </pkts>
          <latency>
            <required>20</required>
            <applied>20</applied>
          </latency>
          <voice>
            <ampl>
              <max>-5.12671</max>
            </ampl>
            <pow>
              <min>-65.0839</min>
              <max>-18.0051</max>
              <avg>-28.2028</avg>
            </pow>
          </voice>
          <noise>
            <pow>
              <min>-71.6114</min>
              <max>-70.4486</max>
              <avg>-70.9026</avg>
            </pow>
          </noise>
          <snr>
            <min>5.83799</min>
            <max>52.6168</max>
            <avg>42.6998</avg>
          </snr>
          <gain>
            <applied>
              <cur>0</cur>
              <avg>0</avg>
              <min>0</min>
              <max>0</max>
            </applied>
          </gain>
          <quality>
            <moswb>
              <postvqe>
                <cur>3.51975</cur>
                <avg>3.51975</avg>
                <min>3.51975</min>
                <max>3.51975</max>
                <nofec>
                  <cur>3.51975</cur>
                  <avg>3.51975</avg>
                  <min>3.51975</min>
                  <max>3.51975</max>
                </nofec>
              </postvqe>
            </moswb>
            <mosnb>
              <postvqe>
                <cur>4.29245</cur>
                <avg>4.29245</avg>
                <min>4.29245</min>
                <max>4.29245</max>
                <nofec>
                  <cur>4.29245</cur>
                  <avg>4.29245</avg>
                  <min>4.29245</min>
                  <max>4.29245</max>
                </nofec>
              </postvqe>
            </mosnb>
            <rfactor>
              <postvqe>
                <cur>88.2</cur>
                <avg>88.2</avg>
                <min>88.2</min>
                <max>88.2</max>
                <nofec>
                  <cur>88.2</cur>
                  <avg>88.2</avg>
                  <min>88.2</min>
                  <max>88.2</max>
                </nofec>
              </postvqe>
            </rfactor>
          </quality>
        </in>
        <out>
          <pkts>
            <total>0</total>
          </pkts>
        </out>
      </audio>
    </stats>
  </result>
</msml>

----------------------------------------------- 2019-11-11 11:13:24.113963
UDP message sent (304 bytes):

SIP/2.0 200 OK
Via: SIP/2.0/UDP 10.204.66.84:5080;branch=z9hG4bKDDQyKjKtpg94a
From: sut <sip:service@10.204.66.84:5080>;tag=QeaFFKm8S7XcS
To: sipp <sip:sipp@10.204.66.5:5061>;tag=1
Call-ID: 1-20571@10.204.66.5
CSeq: 12162072 INFO
Contact: <sip:10.204.66.5:5061;transport=UDP>
Content-Length: 0


----------------------------------------------- 2019-11-11 11:13:34.113868
UDP message sent (361 bytes):

BYE sip:service@10.204.66.84:5080 SIP/2.0
Via: SIP/2.0/UDP 10.204.66.5:5061;branch=z9hG4bK-20571-1-68
From: sipp <sip:sipp@10.204.66.5:5061>;tag=1
To: sut <sip:service@10.204.66.84:5080>;tag=QeaFFKm8S7XcS
Call-ID: 1-20571@10.204.66.5
CSeq: 12162077 BYE
Contact: sip:sipp@10.204.66.5:5061
Max-Forwards: 70
Subject: Performance Test
Content-Length: 0


----------------------------------------------- 2019-11-11 11:13:34.125275
UDP message received [2602] bytes :

SIP/2.0 200 OK
Via: SIP/2.0/UDP 10.204.66.5:5061;branch=z9hG4bK-20571-1-68
From: sipp <sip:sipp@10.204.66.5:5061>;tag=1
To: sut <sip:service@10.204.66.84:5080>;tag=QeaFFKm8S7XcS
Call-ID: 1-20571@10.204.66.5
CSeq: 12162077 BYE
User-Agent: sofia-sip/1.12.10devel
Allow: INVITE, ACK, BYE, CANCEL, OPTIONS, PRACK, MESSAGE, SUBSCRIBE, NOTIFY, REFER, UPDATE, REGISTER, INFO
Supported: timer, 100rel
Content-Length: 0
conn.audio.in.dc: 1.98177e-06
conn.audio.in.gain.applied.avg: 0
conn.audio.in.gain.applied.cur: 0
conn.audio.in.gain.applied.max: 0
conn.audio.in.gain.applied.min: 0
conn.audio.in.latency.applied: 20
conn.audio.in.latency.required: 20
conn.audio.in.noise.pow.avg: -71.0008
conn.audio.in.noise.pow.max: -70.1849
conn.audio.in.noise.pow.min: -71.9135
conn.audio.in.pkts.total: 502
conn.audio.in.quality.mosnb.postvqe.avg: 4.29245
conn.audio.in.quality.mosnb.postvqe.cur: 4.29245
conn.audio.in.quality.mosnb.postvqe.max: 4.29245
conn.audio.in.quality.mosnb.postvqe.min: 4.29245
conn.audio.in.quality.mosnb.postvqe.nofec.avg: 4.29245
conn.audio.in.quality.mosnb.postvqe.nofec.cur: 4.29245
conn.audio.in.quality.mosnb.postvqe.nofec.max: 4.29245
conn.audio.in.quality.mosnb.postvqe.nofec.min: 4.29245
conn.audio.in.quality.moswb.postvqe.avg: 3.51975
conn.audio.in.quality.moswb.postvqe.cur: 3.51975
conn.audio.in.quality.moswb.postvqe.max: 3.51975
conn.audio.in.quality.moswb.postvqe.min: 3.51975
conn.audio.in.quality.moswb.postvqe.nofec.avg: 3.51975
conn.audio.in.quality.moswb.postvqe.nofec.cur: 3.51975
conn.audio.in.quality.moswb.postvqe.nofec.max: 3.51975
conn.audio.in.quality.moswb.postvqe.nofec.min: 3.51975
conn.audio.in.quality.rfactor.postvqe.avg: 88.2
conn.audio.in.quality.rfactor.postvqe.cur: 88.2
conn.audio.in.quality.rfactor.postvqe.max: 88.2
conn.audio.in.quality.rfactor.postvqe.min: 88.2
conn.audio.in.quality.rfactor.postvqe.nofec.avg: 88.2
conn.audio.in.quality.rfactor.postvqe.nofec.cur: 88.2
conn.audio.in.quality.rfactor.postvqe.nofec.max: 88.2
conn.audio.in.quality.rfactor.postvqe.nofec.min: 88.2
conn.audio.in.snr.avg: 44.4519
conn.audio.in.snr.max: 54.1358
conn.audio.in.snr.min: 6.63713
conn.audio.in.voice.ampl.max: -3.75552
conn.audio.in.voice.pow.avg: -26.5488
conn.audio.in.voice.pow.max: -17.6954
conn.audio.in.voice.pow.min: -63.6978
conn.audio.out.pkts.total: 0
conn.dur: 79234
conn.net.in.bytes.total: 16566
conn.net.in.jitter.avg: 0
conn.net.in.jitter.cur: 0
conn.net.in.jitter.max: 0
conn.net.in.pkts.lost: 0
conn.net.in.pkts.total: 502
conn.net.out.bytes.total: 0
conn.net.out.pkts.total: 0


