----------------------------------------------- 2019-11-11 11:08:28.573254
UDP message sent (683 bytes):

INVITE sip:service@10.204.66.84:5080 SIP/2.0
Via: SIP/2.0/UDP 10.204.66.5:5061;branch=z9hG4bK-20457-1-0
From: sipp <sip:sipp@10.204.66.5:5061>;tag=1
To: sut <sip:service@10.204.66.84:5080>
Call-ID: 1-20457@10.204.66.5
CSeq: 1 INVITE
Contact: sip:sipp@10.204.66.5:5061
Max-Forwards: 70
Subject: Performance Test
Content-Type: application/sdp
Content-Length:   167
X-DolbyVoice-Client-LogId: 3339_joinfixed_apoff_mute_apon_unmute.xml
X-DolbyVoice-Stats: conn.*
X-DolbyVoice-MediaServer-MultiCodec:   0

v=0
o=user1 53655765 2353687637 IN IP4 10.204.66.5
s=-
c=IN IP4 10.204.66.5
t=0 0
m=audio 6000 RTP/AVP 9 110
a=rtpmap:110 telephone-event/8000
a=fmtp:110 0-16

----------------------------------------------- 2019-11-11 11:08:28.573929
UDP message received [270] bytes :

SIP/2.0 100 Trying
Via: SIP/2.0/UDP 10.204.66.5:5061;branch=z9hG4bK-20457-1-0
From: sipp <sip:sipp@10.204.66.5:5061>;tag=1
To: sut <sip:service@10.204.66.84:5080>
Call-ID: 1-20457@10.204.66.5
CSeq: 1 INVITE
User-Agent: sofia-sip/1.12.10devel
Content-Length: 0


----------------------------------------------- 2019-11-11 11:08:28.595483
UDP message received [950] bytes :

SIP/2.0 200 OK
Via: SIP/2.0/UDP 10.204.66.5:5061;branch=z9hG4bK-20457-1-0
From: sipp <sip:sipp@10.204.66.5:5061>;tag=1
To: sut <sip:service@10.204.66.84:5080>;tag=t73620gHa8erp
Call-ID: 1-20457@10.204.66.5
CSeq: 1 INVITE
Contact: <sip:10.204.66.84:5080>
User-Agent: sofia-sip/1.12.10devel
Accept: application/sdp, text/*, application/msml+xml, application/moml+xml
Allow: INVITE, ACK, BYE, CANCEL, OPTIONS, PRACK, MESSAGE, SUBSCRIBE, NOTIFY, REFER, UPDATE, REGISTER, INFO
Supported: timer, 100rel
Session-Expires: 3600;refresher=uas
Content-Type: application/sdp
Content-Disposition: session
Content-Length: 209
X-DolbyVoice-MediaServer-Version: Dolby Voice Conference Server - Conference Server 3.0.0.5224205 - Production

v=0
o=- 1573431486 1573431486 IN IP4 10.204.66.84
s=media server session
c=IN IP4 10.204.66.84
t=0 0
m=audio 33864 RTP/AVP 9 110
a=rtpmap:9 G722/8000
a=rtpmap:110 telephone-event/8000
a=fmtp:110 0-15

----------------------------------------------- 2019-11-11 11:08:28.595880
UDP message sent (353 bytes):

ACK sip:service@10.204.66.84:5080 SIP/2.0
Via: SIP/2.0/UDP 10.204.66.5:5061;branch=z9hG4bK-20457-1-5
From: sipp <sip:sipp@10.204.66.5:5061>;tag=1
To: sut <sip:service@10.204.66.84:5080>;tag=t73620gHa8erp
Call-ID: 1-20457@10.204.66.5
CSeq: 1 ACK
Contact: sip:sipp@10.204.66.5:5061
Max-Forwards: 70
Subject: Performance Test
Content-Length: 0


----------------------------------------------- 2019-11-11 11:08:28.598102
UDP message sent (726 bytes):

INFO sip:service@10.204.66.84:5080 SIP/2.0
Via: SIP/2.0/UDP 10.204.66.5:5061;branch=z9hG4bK-20457-1-7
From: sipp <sip:sipp@10.204.66.5:5061>;tag=1
To: sut <sip:service@10.204.66.84:5080>;tag=t73620gHa8erp
Call-ID: 1-20457@10.204.66.5
CSeq: 2 INFO
Contact: sip:sipp@10.204.66.5:5061
Accept: application/sdp, text/*, application/msml+xml, application/moml+xml
Allow: INVITE, ACK, BYE, CANCEL, OPTIONS, PRACK, MESSAGE, SUBSCRIBE, NOTIFY, REFER, UPDATE, REGISTER, INFO
Supported: 100rel
Content-Type: application/msml+xml
Content-Length:   172

<msml version="1.1">
<createconference name="conf_0" deletewhen="nomedia">
<audiomix>
<asn ri=" 90s" />
<n-loudest n="4" />
</audiomix>
</createconference>
</msml>

----------------------------------------------- 2019-11-11 11:08:28.599179
UDP message received [532] bytes :

SIP/2.0 200 OK
Via: SIP/2.0/UDP 10.204.66.5:5061;branch=z9hG4bK-20457-1-7
From: sipp <sip:sipp@10.204.66.5:5061>;tag=1
To: sut <sip:service@10.204.66.84:5080>;tag=t73620gHa8erp
Call-ID: 1-20457@10.204.66.5
CSeq: 2 INFO
User-Agent: sofia-sip/1.12.10devel
Allow: INVITE, ACK, BYE, CANCEL, OPTIONS, PRACK, MESSAGE, SUBSCRIBE, NOTIFY, REFER, UPDATE, REGISTER, INFO
Supported: timer, 100rel
Content-Type: application/msml+xml
Content-Length: 79

<?xml version="1.0"?>
<msml version="1.1">
  <result response="200" />
</msml>

----------------------------------------------- 2019-11-11 11:08:28.600394
UDP message sent (888 bytes):

INFO sip:service@10.204.66.84:5080 SIP/2.0
Via: SIP/2.0/UDP 10.204.66.5:5061;branch=z9hG4bK-20457-1-10
From: sipp <sip:sipp@10.204.66.5:5061>;tag=1
To: sut <sip:service@10.204.66.84:5080>;tag=t73620gHa8erp
Call-ID: 1-20457@10.204.66.5
CSeq: 3 INFO
Contact: sip:sipp@10.204.66.5:5061
Accept: application/sdp, text/*, application/msml+xml, application/moml+xml
Allow: INVITE, ACK, BYE, CANCEL, OPTIONS, PRACK, MESSAGE, SUBSCRIBE, NOTIFY, REFER, UPDATE, REGISTER, INFO
Supported: 100rel
Content-Type: application/msml+xml
Content-Length:   333

<msml version="1.1">
<join id1="conn:t73620gHa8erp" id2="conf:conf_0">
<stream dir="to-id1" media="audio">
<clamp dtmf="false" />
<gain amt="0" />
</stream>
<stream dir="from-id1" media="audio" dlb:echo_suppression="enable" dlb:audio_processing="enable" >
<clamp dtmf="true" />
<gain amt="0" />
</stream>
</join>
</msml>

----------------------------------------------- 2019-11-11 11:08:28.601914
UDP message received [533] bytes :

SIP/2.0 200 OK
Via: SIP/2.0/UDP 10.204.66.5:5061;branch=z9hG4bK-20457-1-10
From: sipp <sip:sipp@10.204.66.5:5061>;tag=1
To: sut <sip:service@10.204.66.84:5080>;tag=t73620gHa8erp
Call-ID: 1-20457@10.204.66.5
CSeq: 3 INFO
User-Agent: sofia-sip/1.12.10devel
Allow: INVITE, ACK, BYE, CANCEL, OPTIONS, PRACK, MESSAGE, SUBSCRIBE, NOTIFY, REFER, UPDATE, REGISTER, INFO
Supported: timer, 100rel
Content-Type: application/msml+xml
Content-Length: 79

<?xml version="1.0"?>
<msml version="1.1">
  <result response="200" />
</msml>

----------------------------------------------- 2019-11-11 11:08:33.610423
UDP message sent (640 bytes):

INFO sip:service@10.204.66.84:5080 SIP/2.0
Via: SIP/2.0/UDP 10.204.66.5:5061;branch=z9hG4bK-20457-1-15
From: sipp <sip:sipp@10.204.66.5:5061>;tag=1
To: sut <sip:service@10.204.66.84:5080>;tag=t73620gHa8erp
Call-ID: 1-20457@10.204.66.5
CSeq: 4 INFO
Contact: sip:sipp@10.204.66.5:5061
Accept: application/sdp, text/*, application/msml+xml, application/moml+xml
Allow: INVITE, ACK, BYE, CANCEL, OPTIONS, PRACK, MESSAGE, SUBSCRIBE, NOTIFY, REFER, UPDATE, REGISTER, INFO
Supported: 100rel
Content-Type: application/msml+xml
Content-Length:    85

<msml version="1.1">
<stats queryid="conn:t73620gHa8erp" list="conn.*" />
</msml>

----------------------------------------------- 2019-11-11 11:08:33.612434
UDP message received [533] bytes :

SIP/2.0 200 OK
Via: SIP/2.0/UDP 10.204.66.5:5061;branch=z9hG4bK-20457-1-15
From: sipp <sip:sipp@10.204.66.5:5061>;tag=1
To: sut <sip:service@10.204.66.84:5080>;tag=t73620gHa8erp
Call-ID: 1-20457@10.204.66.5
CSeq: 4 INFO
User-Agent: sofia-sip/1.12.10devel
Allow: INVITE, ACK, BYE, CANCEL, OPTIONS, PRACK, MESSAGE, SUBSCRIBE, NOTIFY, REFER, UPDATE, REGISTER, INFO
Supported: timer, 100rel
Content-Type: application/msml+xml
Content-Length: 79

<?xml version="1.0"?>
<msml version="1.1">
  <result response="200" />
</msml>

----------------------------------------------- 2019-11-11 11:08:33.634124
UDP message received [3764] bytes :

INFO sip:sipp@10.204.66.5:5061 SIP/2.0
Via: SIP/2.0/UDP 10.204.66.84:5080;branch=z9hG4bKy5UaSvp51aUcD
Max-Forwards: 70
From: sut <sip:service@10.204.66.84:5080>;tag=t73620gHa8erp
To: sipp <sip:sipp@10.204.66.5:5061>;tag=1
Call-ID: 1-20457@10.204.66.5
CSeq: 12161953 INFO
User-Agent: sofia-sip/1.12.10devel
Allow: INVITE, ACK, BYE, CANCEL, OPTIONS, PRACK, MESSAGE, SUBSCRIBE, NOTIFY, REFER, UPDATE, REGISTER, INFO
Supported: timer, 100rel
Content-Type: application/msml+xml
Content-Length: 3256

<?xml version="1.0"?>
<msml version="1.1">
  <result response="200">
    <stats targetid="conn:t73620gHa8erp">
      <dur>5044</dur>
      <net>
        <in>
          <pkts>
            <total>250</total>
            <lost>0</lost>
          </pkts>
          <bytes>
            <total>40000</total>
          </bytes>
          <jitter>
            <cur>0</cur>
            <avg>0</avg>
            <max>0</max>
          </jitter>
        </in>
        <out>
          <pkts>
            <total>250</total>
          </pkts>
          <bytes>
            <total>40000</total>
          </bytes>
        </out>
      </net>
      <audio>
        <in>
          <dc>1.21111e-05</dc>
          <pkts>
            <total>250</total>
          </pkts>
          <latency>
            <required>100</required>
            <applied>100</applied>
          </latency>
          <voice>
            <ampl>
              <max>-5.13235</max>
            </ampl>
            <pow>
              <min>-51.7318</min>
              <max>-18.3028</max>
              <avg>-25.8554</avg>
            </pow>
          </voice>
          <noise>
            <pow>
              <min>-69.4083</min>
              <max>-61.7505</max>
              <avg>-64.0919</avg>
            </pow>
          </noise>
          <snr>
            <min>10.3852</min>
            <max>51.1055</max>
            <avg>38.2366</avg>
          </snr>
          <gain>
            <applied>
              <cur>0</cur>
              <avg>0</avg>
              <min>0</min>
              <max>0</max>
            </applied>
          </gain>
          <echo>
            <bulkdelay>
              <cur>0</cur>
              <avg>0</avg>
              <min>0</min>
              <max>0</max>
            </bulkdelay>
            <telr>
              <cur>-1</cur>
              <avg>-1</avg>
              <min>-1</min>
              <max>-1</max>
            </telr>
          </echo>
          <quality>
            <moswb>
              <prevqe>
                <cur>-1</cur>
                <avg>-1</avg>
                <min>-1</min>
                <max>-1</max>
              </prevqe>
              <postvqe>
                <cur>-1</cur>
                <avg>-1</avg>
                <min>-1</min>
                <max>-1</max>
                <nofec>
                  <cur>-1</cur>
                  <avg>-1</avg>
                  <min>-1</min>
                  <max>-1</max>
                </nofec>
              </postvqe>
            </moswb>
            <rfactor>
              <prevqe>
                <cur>-1</cur>
                <avg>-1</avg>
                <min>-1</min>
                <max>-1</max>
              </prevqe>
              <postvqe>
                <cur>-1</cur>
                <avg>-1</avg>
                <min>-1</min>
                <max>-1</max>
                <nofec>
                  <cur>-1</cur>
                  <avg>-1</avg>
                  <min>-1</min>
                  <max>-1</max>
                </nofec>
              </postvqe>
            </rfactor>
          </quality>
        </in>
        <out>
          <pkts>
            <total>250</total>
          </pkts>
        </out>
      </audio>
    </stats>
  </result>
</msml>

----------------------------------------------- 2019-11-11 11:08:33.634318
UDP message sent (304 bytes):

SIP/2.0 200 OK
Via: SIP/2.0/UDP 10.204.66.84:5080;branch=z9hG4bKy5UaSvp51aUcD
From: sut <sip:service@10.204.66.84:5080>;tag=t73620gHa8erp
To: sipp <sip:sipp@10.204.66.5:5061>;tag=1
Call-ID: 1-20457@10.204.66.5
CSeq: 12161953 INFO
Contact: <sip:10.204.66.5:5061;transport=UDP>
Content-Length: 0


----------------------------------------------- 2019-11-11 11:08:43.637272
UDP message sent (361 bytes):

BYE sip:service@10.204.66.84:5080 SIP/2.0
Via: SIP/2.0/UDP 10.204.66.5:5061;branch=z9hG4bK-20457-1-21
From: sipp <sip:sipp@10.204.66.5:5061>;tag=1
To: sut <sip:service@10.204.66.84:5080>;tag=t73620gHa8erp
Call-ID: 1-20457@10.204.66.5
CSeq: 12161954 BYE
Contact: sip:sipp@10.204.66.5:5061
Max-Forwards: 70
Subject: Performance Test
Content-Length: 0


----------------------------------------------- 2019-11-11 11:08:43.660439
UDP message received [2811] bytes :

SIP/2.0 200 OK
Via: SIP/2.0/UDP 10.204.66.5:5061;branch=z9hG4bK-20457-1-21
From: sipp <sip:sipp@10.204.66.5:5061>;tag=1
To: sut <sip:service@10.204.66.84:5080>;tag=t73620gHa8erp
Call-ID: 1-20457@10.204.66.5
CSeq: 12161954 BYE
User-Agent: sofia-sip/1.12.10devel
Allow: INVITE, ACK, BYE, CANCEL, OPTIONS, PRACK, MESSAGE, SUBSCRIBE, NOTIFY, REFER, UPDATE, REGISTER, INFO
Supported: timer, 100rel
Content-Length: 0
conn.audio.in.dc: -2.88647e-06
conn.audio.in.echo.bulkdelay.avg: 0
conn.audio.in.echo.bulkdelay.cur: 0
conn.audio.in.echo.bulkdelay.max: 0
conn.audio.in.echo.bulkdelay.min: 0
conn.audio.in.echo.telr.avg: -1
conn.audio.in.echo.telr.cur: -1
conn.audio.in.echo.telr.max: -1
conn.audio.in.echo.telr.min: -1
conn.audio.in.gain.applied.avg: 0
conn.audio.in.gain.applied.cur: 0
conn.audio.in.gain.applied.max: 0
conn.audio.in.gain.applied.min: 0
conn.audio.in.latency.applied: 100
conn.audio.in.latency.required: 40
conn.audio.in.noise.pow.avg: -63.2097
conn.audio.in.noise.pow.max: -62.117
conn.audio.in.noise.pow.min: -64.0367
conn.audio.in.pkts.total: 501
conn.audio.in.quality.moswb.postvqe.avg: 4.3371
conn.audio.in.quality.moswb.postvqe.cur: 4.3371
conn.audio.in.quality.moswb.postvqe.max: 4.3371
conn.audio.in.quality.moswb.postvqe.min: 4.3371
conn.audio.in.quality.moswb.postvqe.nofec.avg: 4.3371
conn.audio.in.quality.moswb.postvqe.nofec.cur: 4.3371
conn.audio.in.quality.moswb.postvqe.nofec.max: 4.3371
conn.audio.in.quality.moswb.postvqe.nofec.min: 4.3371
conn.audio.in.quality.moswb.prevqe.avg: -1
conn.audio.in.quality.moswb.prevqe.cur: -1
conn.audio.in.quality.moswb.prevqe.max: -1
conn.audio.in.quality.moswb.prevqe.min: -1
conn.audio.in.quality.rfactor.postvqe.avg: 116
conn.audio.in.quality.rfactor.postvqe.cur: 116
conn.audio.in.quality.rfactor.postvqe.max: 116
conn.audio.in.quality.rfactor.postvqe.min: 116
conn.audio.in.quality.rfactor.postvqe.nofec.avg: 116
conn.audio.in.quality.rfactor.postvqe.nofec.cur: 116
conn.audio.in.quality.rfactor.postvqe.nofec.max: 116
conn.audio.in.quality.rfactor.postvqe.nofec.min: 116
conn.audio.in.quality.rfactor.prevqe.avg: -1
conn.audio.in.quality.rfactor.prevqe.cur: -1
conn.audio.in.quality.rfactor.prevqe.max: -1
conn.audio.in.quality.rfactor.prevqe.min: -1
conn.audio.in.snr.avg: 34.6445
conn.audio.in.snr.max: 42.7173
conn.audio.in.snr.min: 6.51285
conn.audio.in.voice.ampl.max: -5.42302
conn.audio.in.voice.pow.avg: -28.5652
conn.audio.in.voice.pow.max: -20.8189
conn.audio.in.voice.pow.min: -56.9867
conn.audio.out.pkts.total: 501
conn.dur: 15075
conn.net.in.bytes.total: 80160
conn.net.in.jitter.avg: 0
conn.net.in.jitter.cur: 0
conn.net.in.jitter.max: 0
conn.net.in.pkts.lost: 0
conn.net.in.pkts.total: 501
conn.net.out.bytes.total: 80160
conn.net.out.pkts.total: 501


