received conf control leg SIP INFO: INFO sip:sipp@10.204.66.5:5020 SIP/2.0
Via: SIP/2.0/UDP 10.204.66.46:5080;branch=z9hG4bKypDjXQXg7351B
Max-Forwards: 70
From: service <sip:service@10.204.66.46:5080>;tag=g9gNtp3m12yaa
To: sipp <sip:sipp@10.204.66.5:5020>;tag=sipp_1_10612
Call-ID: 1-10617@10.204.66.5
CSeq: 9474118 INFO
User-Agent: sofia-sip/1.12.10devel
Allow: INVITE, ACK, BYE, CANCEL, OPTIONS, PRACK, MESSAGE, SUBSCRIBE, NOTIFY, REFER, UPDATE, REGISTER, INFO
Supported: timer, 100rel
Content-Type: application/msml+xml
Content-Length: 173

<?xml version="1.0"?>
<msml version="1.1">
  <event name="msml.conf.asn" id="conf:conf_1">
    <name>speaker</name>
    <value>conn:jU36Xc5UUmBgH</value>
  </event>
</msml>

received conf control leg SIP INFO: INFO sip:sipp@10.204.66.5:5020 SIP/2.0
Via: SIP/2.0/UDP 10.204.66.46:5080;branch=z9hG4bKZZ6aZjem4cvmQ
Max-Forwards: 70
From: service <sip:service@10.204.66.46:5080>;tag=g9gNtp3m12yaa
To: sipp <sip:sipp@10.204.66.5:5020>;tag=sipp_1_10612
Call-ID: 1-10617@10.204.66.5
CSeq: 9474119 INFO
User-Agent: sofia-sip/1.12.10devel
Allow: INVITE, ACK, BYE, CANCEL, OPTIONS, PRACK, MESSAGE, SUBSCRIBE, NOTIFY, REFER, UPDATE, REGISTER, INFO
Supported: timer, 100rel
Content-Type: application/msml+xml
Content-Length: 101

<?xml version="1.0"?>
<msml version="1.1">
  <event name="msml.conf.asn" id="conf:conf_1" />
</msml>

received conf control leg SIP INFO: INFO sip:sipp@10.204.66.5:5020 SIP/2.0
Via: SIP/2.0/UDP 10.204.66.46:5080;branch=z9hG4bK08Z30DZQ1Nj7j
Max-Forwards: 70
From: service <sip:service@10.204.66.46:5080>;tag=g9gNtp3m12yaa
To: sipp <sip:sipp@10.204.66.5:5020>;tag=sipp_1_10612
Call-ID: 1-10617@10.204.66.5
CSeq: 9474120 INFO
User-Agent: sofia-sip/1.12.10devel
Allow: INVITE, ACK, BYE, CANCEL, OPTIONS, PRACK, MESSAGE, SUBSCRIBE, NOTIFY, REFER, UPDATE, REGISTER, INFO
Supported: timer, 100rel
Content-Type: application/msml+xml
Content-Length: 173

<?xml version="1.0"?>
<msml version="1.1">
  <event name="msml.conf.asn" id="conf:conf_1">
    <name>speaker</name>
    <value>conn:g9gNtp3m12yaa</value>
  </event>
</msml>

received conf control leg SIP INFO: INFO sip:sipp@10.204.66.5:5020 SIP/2.0
Via: SIP/2.0/UDP 10.204.66.46:5080;branch=z9hG4bK1HSv28FUyy8Se
Max-Forwards: 70
From: service <sip:service@10.204.66.46:5080>;tag=g9gNtp3m12yaa
To: sipp <sip:sipp@10.204.66.5:5020>;tag=sipp_1_10612
Call-ID: 1-10617@10.204.66.5
CSeq: 9474121 INFO
User-Agent: sofia-sip/1.12.10devel
Allow: INVITE, ACK, BYE, CANCEL, OPTIONS, PRACK, MESSAGE, SUBSCRIBE, NOTIFY, REFER, UPDATE, REGISTER, INFO
Supported: timer, 100rel
Content-Type: application/msml+xml
Content-Length: 173

<?xml version="1.0"?>
<msml version="1.1">
  <event name="msml.conf.asn" id="conf:conf_1">
    <name>speaker</name>
    <value>conn:jU36Xc5UUmBgH</value>
  </event>
</msml>

received conf control leg SIP reInv
received conf control leg SIP reInv
received conf control leg SIP reInv
received conf control leg SIP reInv
received conf control leg SIP reInv
received conf control leg SIP reInv
received conf control leg SIP reInv
received conf control leg SIP reInv
received conf control leg SIP reInv
received conf control leg SIP reInv
received conf control leg SIP reInv
received conf control leg SIP reInv
received conf control leg SIP reInv
received conf control leg SIP reInv
received conf control leg SIP reInv
received conf control leg SIP reInv
received conf control leg SIP reInv
received conf control leg SIP reInv
received conf control leg SIP reInv
received conf control leg SIP reInv
received conf control leg SIP reInv
received conf control leg SIP reInv
received conf control leg SIP reInv
received conf control leg SIP reInv
received conf control leg SIP reInv
received conf control leg SIP reInv
received conf control leg SIP reInv
received conf control leg SIP reInv
received conf control leg SIP reInv
received conf control leg SIP reInv
received conf control leg SIP reInv
received conf control leg SIP reInv
received conf control leg SIP reInv
received conf control leg SIP reInv
received conf control leg SIP reInv
received conf control leg SIP reInv
received conf control leg SIP reInv
received conf control leg SIP reInv
received conf control leg SIP reInv
received conf control leg SIP reInv
received conf control leg SIP reInv
received conf control leg SIP reInv
received conf control leg SIP reInv
received conf control leg SIP reInv
received conf control leg SIP reInv
received conf control leg SIP reInv
received conf control leg SIP reInv
received conf control leg SIP reInv
received conf control leg SIP reInv
received conf control leg SIP reInv
received conf control leg SIP reInv
received conf control leg SIP reInv
received conf control leg SIP reInv
received conf control leg SIP reInv
received conf control leg SIP reInv
received conf control leg SIP reInv
received conf control leg SIP reInv
received conf control leg SIP reInv
received conf control leg SIP reInv
received conf control leg SIP reInv
received conf control leg SIP reInv
received conf control leg SIP reInv
received conf control leg SIP reInv
received conf control leg SIP reInv
received conf control leg SIP reInv
received conf control leg SIP reInv
received conf control leg SIP reInv
received conf control leg SIP reInv
received conf control leg SIP reInv
received conf control leg SIP reInv
received conf control leg SIP reInv
received conf control leg SIP reInv
received conf control leg SIP reInv
received conf control leg SIP reInv
received conf control leg SIP reInv
received conf control leg SIP reInv
received conf control leg SIP reInv
received conf control leg SIP reInv
received conf control leg SIP reInv
received conf control leg SIP reInv
received conf control leg SIP reInv
received conf control leg SIP reInv
received conf control leg SIP reInv
received conf control leg SIP reInv
received conf control leg SIP reInv
received conf control leg SIP reInv
received conf control leg SIP reInv
received conf control leg SIP reInv
received conf control leg SIP reInv
received conf control leg SIP reInv
received conf control leg SIP reInv
received conf control leg SIP reInv
received conf control leg SIP reInv
received conf control leg SIP reInv
received conf control leg SIP reInv
received conf control leg SIP reInv
received conf control leg SIP reInv
received conf control leg SIP reInv
received conf control leg SIP reInv
received conf control leg SIP reInv
received conf control leg SIP reInv
received conf control leg SIP reInv
received conf control leg SIP reInv
received conf control leg SIP reInv
received conf control leg SIP reInv
received conf control leg SIP reInv
received conf control leg SIP reInv
received conf control leg SIP reInv
received conf control leg SIP reInv
received conf control leg SIP reInv
received conf control leg SIP reInv
received conf control leg SIP reInv
received conf control leg SIP reInv
received conf control leg SIP reInv
received conf control leg SIP reInv
received conf control leg SIP reInv
received conf control leg SIP reInv
received conf control leg SIP reInv
received conf control leg SIP reInv
received conf control leg SIP reInv
received conf control leg SIP reInv
received conf control leg SIP reInv
received conf control leg SIP reInv
received conf control leg SIP reInv
received conf control leg SIP reInv
received conf control leg SIP reInv
received conf control leg SIP reInv
received conf control leg SIP reInv
received conf control leg SIP reInv
received conf control leg SIP reInv
received conf control leg SIP reInv
received conf control leg SIP reInv
received conf control leg SIP reInv
received conf control leg SIP reInv
received conf control leg SIP reInv
received conf control leg SIP reInv
received conf control leg SIP reInv
received conf control leg SIP reInv
received conf control leg SIP reInv
received conf control leg SIP reInv
received conf control leg SIP reInv
received conf control leg SIP reInv
received conf control leg SIP reInv
received conf control leg SIP reInv
received conf control leg SIP reInv
received conf control leg SIP reInv
received conf control leg SIP reInv
received conf control leg SIP reInv
received conf control leg SIP reInv
received conf control leg SIP reInv
received conf control leg SIP reInv
received conf control leg SIP reInv
received conf control leg SIP reInv
received conf control leg SIP reInv
received conf control leg SIP reInv
received conf control leg SIP reInv
received conf control leg SIP reInv
received conf control leg SIP reInv
received conf control leg SIP reInv
received conf control leg SIP reInv
received conf control leg SIP reInv
received conf control leg SIP reInv
received conf control leg SIP reInv
received conf control leg SIP reInv
received conf control leg SIP reInv
received conf control leg SIP reInv
received conf control leg SIP reInv
received conf control leg SIP reInv
received conf control leg SIP reInv
received conf control leg SIP reInv
received conf control leg SIP reInv
received conf control leg SIP reInv
received conf control leg SIP reInv
received conf control leg SIP reInv
received conf control leg SIP reInv
received conf control leg SIP reInv
received conf control leg SIP reInv
received conf control leg SIP reInv
received conf control leg SIP reInv
received conf control leg SIP reInv
received conf control leg SIP reInv
received conf control leg SIP reInv
received conf control leg SIP reInv
received conf control leg SIP reInv
received conf control leg SIP reInv
received conf control leg SIP reInv
received conf control leg SIP reInv
received conf control leg SIP reInv
received conf control leg SIP reInv
received conf control leg SIP reInv
received conf control leg SIP reInv
received conf control leg SIP reInv
received conf control leg SIP reInv
received conf control leg SIP reInv
received conf control leg SIP reInv
received conf control leg SIP reInv
received conf control leg SIP reInv
received conf control leg SIP reInv
received conf control leg SIP reInv
received conf control leg SIP reInv
received conf control leg SIP reInv
received conf control leg SIP reInv
received conf control leg SIP reInv
received conf control leg SIP reInv
received conf control leg SIP reInv
received conf control leg SIP reInv
received conf control leg SIP reInv
received conf control leg SIP reInv
received conf control leg SIP reInv
received conf control leg SIP reInv
received conf control leg SIP reInv
received conf control leg SIP reInv
received conf control leg SIP reInv
received conf control leg SIP reInv
received conf control leg SIP reInv
received conf control leg SIP reInv
received conf control leg SIP reInv
received conf control leg SIP reInv
received conf control leg SIP reInv
received conf control leg SIP reInv
received conf control leg SIP reInv
received conf control leg SIP reInv
received conf control leg SIP reInv
received conf control leg SIP reInv
received conf control leg SIP reInv
received conf control leg SIP reInv
received conf control leg SIP reInv
received conf control leg SIP reInv
received conf control leg SIP reInv
received conf control leg SIP reInv
received conf control leg SIP reInv
received conf control leg SIP reInv
received conf control leg SIP reInv
received conf control leg SIP reInv
received conf control leg SIP reInv
received conf control leg SIP reInv
received conf control leg SIP reInv
received conf control leg SIP reInv
received conf control leg SIP reInv
received conf control leg SIP reInv
received conf control leg SIP reInv
received conf control leg SIP reInv
received conf control leg SIP reInv
received conf control leg SIP reInv
received conf control leg SIP reInv
received conf control leg SIP reInv
received conf control leg SIP reInv
received conf control leg SIP reInv
received conf control leg SIP reInv
received conf control leg SIP reInv
received conf control leg SIP reInv
received conf control leg SIP reInv
received conf control leg SIP reInv
received conf control leg SIP reInv
received conf control leg SIP reInv
received conf control leg SIP reInv
received conf control leg SIP reInv
received conf control leg SIP reInv
received conf control leg SIP reInv
received conf control leg SIP reInv
received conf control leg SIP reInv
received conf control leg SIP reInv
received conf control leg SIP reInv
received conf control leg SIP reInv
received conf control leg SIP reInv
received conf control leg SIP reInv
received conf control leg SIP reInv
received conf control leg SIP reInv
received conf control leg SIP reInv
received conf control leg SIP reInv
received conf control leg SIP reInv
received conf control leg SIP reInv
received conf control leg SIP reInv
received conf control leg SIP reInv
received conf control leg SIP reInv
received conf control leg SIP reInv
received conf control leg SIP reInv
received conf control leg SIP reInv
received conf control leg SIP reInv
received conf control leg SIP reInv
received conf control leg SIP reInv
received conf control leg SIP reInv
received conf control leg SIP reInv
received conf control leg SIP reInv
received conf control leg SIP reInv
received conf control leg SIP reInv
received conf control leg SIP reInv
received conf control leg SIP reInv
received conf control leg SIP reInv
received conf control leg SIP reInv
received conf control leg SIP reInv
received conf control leg SIP reInv
received conf control leg SIP reInv
received conf control leg SIP reInv
received conf control leg SIP reInv
received conf control leg SIP reInv
received conf control leg SIP reInv
received conf control leg SIP reInv
received conf control leg SIP reInv
received conf control leg SIP reInv
received conf control leg SIP reInv
received conf control leg SIP reInv
received conf control leg SIP reInv
received conf control leg SIP reInv
received conf control leg SIP reInv
received conf control leg SIP reInv
received conf control leg SIP reInv
received conf control leg SIP reInv
received conf control leg SIP reInv
received conf control leg SIP reInv
received conf control leg SIP reInv
received conf control leg SIP reInv
received conf control leg SIP reInv
received conf control leg SIP reInv
received conf control leg SIP reInv
received conf control leg SIP reInv
received conf control leg SIP reInv
received conf control leg SIP reInv
received conf control leg SIP reInv
received conf control leg SIP reInv
received conf control leg SIP reInv
received conf control leg SIP reInv
received conf control leg SIP reInv
received conf control leg SIP reInv
received conf control leg SIP reInv
received conf control leg SIP reInv
received conf control leg SIP reInv
received conf control leg SIP reInv
received conf control leg SIP reInv
received conf control leg SIP reInv
received conf control leg SIP reInv
received conf control leg SIP reInv
received conf control leg SIP reInv
received conf control leg SIP reInv
received conf control leg SIP reInv
received conf control leg SIP reInv
received conf control leg SIP reInv
received conf control leg SIP reInv
received conf control leg SIP reInv
received conf control leg SIP reInv
received conf control leg SIP reInv
received conf control leg SIP reInv
received conf control leg SIP reInv
received conf control leg SIP reInv
received conf control leg SIP reInv
received conf control leg SIP reInv
received conf control leg SIP reInv
received conf control leg SIP reInv
received conf control leg SIP reInv
received conf control leg SIP reInv
received conf control leg SIP reInv
received conf control leg SIP reInv
received conf control leg SIP reInv
received conf control leg SIP reInv
received conf control leg SIP reInv
received conf control leg SIP reInv
received conf control leg SIP reInv
received conf control leg SIP reInv
received conf control leg SIP reInv
received conf control leg SIP reInv
received conf control leg SIP reInv
received conf control leg SIP reInv
received conf control leg SIP reInv
received conf control leg SIP reInv
received conf control leg SIP reInv
received conf control leg SIP reInv
received conf control leg SIP reInv
received conf control leg SIP reInv
received conf control leg SIP reInv
received conf control leg SIP reInv
received conf control leg SIP reInv
received conf control leg SIP reInv
received conf control leg SIP reInv
received conf control leg SIP reInv
received conf control leg SIP reInv
received conf control leg SIP reInv
received conf control leg SIP reInv
received conf control leg SIP reInv
received conf control leg SIP reInv
received conf control leg SIP reInv
received conf control leg SIP reInv
received conf control leg SIP reInv
received conf control leg SIP reInv
received conf control leg SIP reInv
received conf control leg SIP reInv
received conf control leg SIP reInv
received conf control leg SIP reInv
received conf control leg SIP reInv
received conf control leg SIP reInv
received conf control leg SIP reInv
received conf control leg SIP reInv
received conf control leg SIP reInv
received conf control leg SIP reInv
received conf control leg SIP reInv
received conf control leg SIP reInv
received conf control leg SIP reInv
received conf control leg SIP reInv
received conf control leg SIP reInv
received conf control leg SIP reInv
received conf control leg SIP reInv
received conf control leg SIP reInv
received conf control leg SIP reInv
received conf control leg SIP reInv
received conf control leg SIP reInv
received conf control leg SIP reInv
received conf control leg SIP reInv
received conf control leg SIP reInv
received conf control leg SIP reInv
received conf control leg SIP reInv
received conf control leg SIP reInv
received conf control leg SIP reInv
received conf control leg SIP reInv
received conf control leg SIP reInv
received conf control leg SIP reInv
received conf control leg SIP reInv
received conf control leg SIP reInv
received conf control leg SIP reInv
received conf control leg SIP reInv
received conf control leg SIP reInv
received conf control leg SIP reInv
received conf control leg SIP reInv
received conf control leg SIP reInv
received conf control leg SIP reInv
received conf control leg SIP reInv
received conf control leg SIP reInv
received conf control leg SIP reInv
received conf control leg SIP reInv
received conf control leg SIP reInv
received conf control leg SIP reInv
received conf control leg SIP reInv
received conf control leg SIP reInv
received conf control leg SIP reInv
received conf control leg SIP reInv
received conf control leg SIP reInv
received conf control leg SIP reInv
received conf control leg SIP reInv
received conf control leg SIP reInv
received conf control leg SIP reInv
received conf control leg SIP reInv
received conf control leg SIP reInv
received conf control leg SIP reInv
received conf control leg SIP reInv
received conf control leg SIP reInv
received conf control leg SIP reInv
received conf control leg SIP reInv
received conf control leg SIP reInv
received conf control leg SIP reInv
received conf control leg SIP reInv
received conf control leg SIP reInv
received conf control leg SIP reInv
received conf control leg SIP reInv
received conf control leg SIP reInv
received conf control leg SIP reInv
received conf control leg SIP reInv
received conf control leg SIP reInv
received conf control leg SIP reInv
received conf control leg SIP reInv
received conf control leg SIP reInv
received conf control leg SIP reInv
received conf control leg SIP reInv
received conf control leg SIP reInv
received conf control leg SIP reInv
received conf control leg SIP reInv
received conf control leg SIP reInv
received conf control leg SIP reInv
received conf control leg SIP reInv
received conf control leg SIP reInv
received conf control leg SIP reInv
received conf control leg SIP reInv
received conf control leg SIP reInv
received conf control leg SIP reInv
received conf control leg SIP reInv
received conf control leg SIP reInv
received conf control leg SIP reInv
received conf control leg SIP reInv
received conf control leg SIP reInv
received conf control leg SIP reInv
received conf control leg SIP reInv
received conf control leg SIP reInv
received conf control leg SIP reInv
received conf control leg SIP reInv
received conf control leg SIP reInv
received conf control leg SIP reInv
received conf control leg SIP reInv
received conf control leg SIP reInv
received conf control leg SIP reInv
received conf control leg SIP reInv
received conf control leg SIP reInv
received conf control leg SIP reInv
received conf control leg SIP reInv
received conf control leg SIP reInv
received conf control leg SIP reInv
received conf control leg SIP reInv
received conf control leg SIP reInv
received conf control leg SIP reInv
received conf control leg SIP reInv
received conf control leg SIP reInv
received conf control leg SIP reInv
received conf control leg SIP reInv
received conf control leg SIP reInv
received conf control leg SIP reInv
received conf control leg SIP reInv
received conf control leg SIP reInv
received conf control leg SIP reInv
received conf control leg SIP reInv
received conf control leg SIP reInv
received conf control leg SIP reInv
received conf control leg SIP reInv
received conf control leg SIP reInv
received conf control leg SIP reInv
received conf control leg SIP reInv
received conf control leg SIP reInv
received conf control leg SIP reInv
received conf control leg SIP reInv
received conf control leg SIP reInv
received conf control leg SIP reInv
received conf control leg SIP reInv
received conf control leg SIP reInv
received conf control leg SIP reInv
received conf control leg SIP reInv
received conf control leg SIP reInv
received conf control leg SIP reInv
received conf control leg SIP reInv
received conf control leg SIP reInv
received conf control leg SIP reInv
received conf control leg SIP reInv
received conf control leg SIP reInv
received conf control leg SIP reInv
received conf control leg SIP reInv
received conf control leg SIP reInv
received conf control leg SIP reInv
received conf control leg SIP reInv
received conf control leg SIP reInv
received conf control leg SIP reInv
received conf control leg SIP reInv
received conf control leg SIP reInv
received conf control leg SIP reInv
received conf control leg SIP reInv
received conf control leg SIP reInv
received conf control leg SIP reInv
received conf control leg SIP reInv
received conf control leg SIP reInv
received conf control leg SIP reInv
received conf control leg SIP reInv
received conf control leg SIP reInv
received conf control leg SIP reInv
received conf control leg SIP reInv
received conf control leg SIP reInv
received conf control leg SIP reInv
received conf control leg SIP reInv
received conf control leg SIP reInv
received conf control leg SIP reInv
received conf control leg SIP reInv
received conf control leg SIP reInv
received conf control leg SIP reInv
received conf control leg SIP reInv
received conf control leg SIP reInv
received conf control leg SIP reInv
received conf control leg SIP reInv
received conf control leg SIP reInv
received conf control leg SIP reInv
received conf control leg SIP reInv
received conf control leg SIP reInv
received conf control leg SIP reInv
received conf control leg SIP reInv
received conf control leg SIP reInv
received conf control leg SIP reInv
received conf control leg SIP reInv
received conf control leg SIP reInv
received conf control leg SIP reInv
received conf control leg SIP reInv
received conf control leg SIP reInv
received conf control leg SIP reInv
received conf control leg SIP reInv
received conf control leg SIP reInv
received conf control leg SIP reInv
received conf control leg SIP reInv
received conf control leg SIP reInv
received conf control leg SIP reInv
received conf control leg SIP reInv
received conf control leg SIP reInv
received conf control leg SIP reInv
received conf control leg SIP reInv
received conf control leg SIP reInv
received conf control leg SIP reInv
received conf control leg SIP reInv
received conf control leg SIP reInv
received conf control leg SIP reInv
received conf control leg SIP reInv
received conf control leg SIP reInv
received conf control leg SIP reInv
received conf control leg SIP reInv
received conf control leg SIP reInv
received conf control leg SIP reInv
received conf control leg SIP reInv
received conf control leg SIP reInv
received conf control leg SIP reInv
received conf control leg SIP reInv
received conf control leg SIP reInv
received conf control leg SIP reInv
received conf control leg SIP reInv
received conf control leg SIP reInv
received conf control leg SIP reInv
received conf control leg SIP reInv
received conf control leg SIP reInv
received conf control leg SIP reInv
received conf control leg SIP reInv
received conf control leg SIP reInv
received conf control leg SIP reInv
received conf control leg SIP reInv
received conf control leg SIP reInv
received conf control leg SIP reInv
received conf control leg SIP reInv
received conf control leg SIP reInv
received conf control leg SIP reInv
received conf control leg SIP reInv
received conf control leg SIP reInv
received conf control leg SIP reInv
received conf control leg SIP reInv
received conf control leg SIP reInv
received conf control leg SIP reInv
received conf control leg SIP reInv
received conf control leg SIP reInv
received conf control leg SIP reInv
received conf control leg SIP reInv
received conf control leg SIP reInv
received conf control leg SIP reInv
received conf control leg SIP reInv
received conf control leg SIP reInv
received conf control leg SIP reInv
received conf control leg SIP reInv
received conf control leg SIP reInv
received conf control leg SIP reInv
received conf control leg SIP reInv
received conf control leg SIP reInv
received conf control leg SIP reInv
received conf control leg SIP reInv
received conf control leg SIP reInv
received conf control leg SIP reInv
received conf control leg SIP reInv
received conf control leg SIP reInv
received conf control leg SIP reInv
received conf control leg SIP reInv
received conf control leg SIP reInv
received conf control leg SIP reInv
received conf control leg SIP reInv
received conf control leg SIP reInv
received conf control leg SIP reInv
received conf control leg SIP reInv
received conf control leg SIP reInv
received conf control leg SIP reInv
received conf control leg SIP reInv
received conf control leg SIP reInv
received conf control leg SIP reInv
received conf control leg SIP reInv
received conf control leg SIP reInv
received conf control leg SIP reInv
received conf control leg SIP reInv
received conf control leg SIP reInv
received conf control leg SIP reInv
received conf control leg SIP reInv
received conf control leg SIP reInv
received conf control leg SIP reInv
received conf control leg SIP reInv
received conf control leg SIP reInv
received conf control leg SIP reInv
received conf control leg SIP reInv
received conf control leg SIP reInv
received conf control leg SIP reInv
received conf control leg SIP reInv
received conf control leg SIP reInv
received conf control leg SIP reInv
received conf control leg SIP reInv
received conf control leg SIP reInv
received conf control leg SIP reInv
received conf control leg SIP reInv
received conf control leg SIP reInv
received conf control leg SIP reInv
received conf control leg SIP reInv
received conf control leg SIP reInv
received conf control leg SIP reInv
received conf control leg SIP reInv
received conf control leg SIP reInv
received conf control leg SIP reInv
received conf control leg SIP reInv
received conf control leg SIP reInv
received conf control leg SIP reInv
received conf control leg SIP reInv
received conf control leg SIP reInv
received conf control leg SIP reInv
received conf control leg SIP reInv
received conf control leg SIP reInv
received conf control leg SIP reInv
received conf control leg SIP reInv
received conf control leg SIP reInv
received conf control leg SIP reInv
received conf control leg SIP reInv
received conf control leg SIP reInv
received conf control leg SIP reInv
received conf control leg SIP reInv
received conf control leg SIP reInv
received conf control leg SIP reInv
received conf control leg SIP reInv
received conf control leg SIP reInv
received conf control leg SIP reInv
received conf control leg SIP reInv
received conf control leg SIP reInv
received conf control leg SIP reInv
received conf control leg SIP reInv
received conf control leg SIP reInv
received conf control leg SIP reInv
received conf control leg SIP reInv
received conf control leg SIP reInv
received conf control leg SIP reInv
received conf control leg SIP reInv
received conf control leg SIP reInv
received conf control leg SIP reInv
received conf control leg SIP reInv
received conf control leg SIP reInv
received conf control leg SIP reInv
received conf control leg SIP reInv
received conf control leg SIP reInv
received conf control leg SIP reInv
received conf control leg SIP reInv
received conf control leg SIP reInv
received conf control leg SIP reInv
received conf control leg SIP reInv
received conf control leg SIP reInv
received conf control leg SIP reInv
received conf control leg SIP reInv
received conf control leg SIP reInv
received conf control leg SIP reInv
received conf control leg SIP reInv
received conf control leg SIP reInv
received conf control leg SIP reInv
received conf control leg SIP reInv
received conf control leg SIP reInv
received conf control leg SIP reInv
received conf control leg SIP reInv
received conf control leg SIP reInv
received conf control leg SIP reInv
received conf control leg SIP reInv
received conf control leg SIP reInv
received conf control leg SIP reInv
received conf control leg SIP reInv
received conf control leg SIP reInv
received conf control leg SIP reInv
received conf control leg SIP reInv
received conf control leg SIP reInv
received conf control leg SIP reInv
received conf control leg SIP reInv
received conf control leg SIP reInv
received conf control leg SIP reInv
received conf control leg SIP reInv
received conf control leg SIP reInv
received conf control leg SIP reInv
received conf control leg SIP reInv
received conf control leg SIP reInv
received conf control leg SIP reInv
received conf control leg SIP reInv
received conf control leg SIP reInv
received conf control leg SIP reInv
received conf control leg SIP reInv
received conf control leg SIP reInv
received conf control leg SIP reInv
received conf control leg SIP reInv
received conf control leg SIP reInv
received conf control leg SIP reInv
received conf control leg SIP reInv
received conf control leg SIP reInv
received conf control leg SIP reInv
received conf control leg SIP reInv
received conf control leg SIP reInv
received conf control leg SIP reInv
received conf control leg SIP reInv
received conf control leg SIP reInv
received conf control leg SIP reInv
received conf control leg SIP reInv
received conf control leg SIP reInv
received conf control leg SIP reInv
received conf control leg SIP reInv
received conf control leg SIP reInv
received conf control leg SIP reInv
received conf control leg SIP reInv
received conf control leg SIP reInv
received conf control leg SIP reInv
received conf control leg SIP reInv
received conf control leg SIP reInv
received conf control leg SIP reInv
received conf control leg SIP reInv
received conf control leg SIP reInv
received conf control leg SIP reInv
received conf control leg SIP reInv
received conf control leg SIP reInv
received conf control leg SIP reInv
received conf control leg SIP reInv
received conf control leg SIP reInv
received conf control leg SIP reInv
received conf control leg SIP reInv
received conf control leg SIP reInv
received conf control leg SIP reInv
received conf control leg SIP reInv
received conf control leg SIP reInv
received conf control leg SIP reInv
received conf control leg SIP reInv
received conf control leg SIP reInv
received conf control leg SIP reInv
received conf control leg SIP reInv
received conf control leg SIP reInv
received conf control leg SIP reInv
received conf control leg SIP reInv
received conf control leg SIP reInv
received conf control leg SIP reInv
received conf control leg SIP reInv
received conf control leg SIP reInv
received conf control leg SIP reInv
received conf control leg SIP reInv
received conf control leg SIP reInv
received conf control leg SIP reInv
received conf control leg SIP reInv
received conf control leg SIP reInv
received conf control leg SIP reInv
received conf control leg SIP reInv
received conf control leg SIP reInv
received conf control leg SIP reInv
received conf control leg SIP reInv
received conf control leg SIP reInv
received conf control leg SIP reInv
received conf control leg SIP reInv
received conf control leg SIP reInv
received conf control leg SIP reInv
received conf control leg SIP reInv
received conf control leg SIP reInv
received conf control leg SIP reInv
received conf control leg SIP reInv
received conf control leg SIP reInv
received conf control leg SIP reInv
received conf control leg SIP reInv
received conf control leg SIP reInv
received conf control leg SIP reInv
received conf control leg SIP reInv
received conf control leg SIP reInv
received conf control leg SIP reInv
received conf control leg SIP reInv
received conf control leg SIP reInv
received conf control leg SIP reInv
received conf control leg SIP reInv
received conf control leg SIP reInv
received conf control leg SIP reInv
received conf control leg SIP reInv
received conf control leg SIP reInv
received conf control leg SIP reInv
received conf control leg SIP reInv
received conf control leg SIP reInv
received conf control leg SIP reInv
received conf control leg SIP reInv
received conf control leg SIP reInv
received conf control leg SIP reInv
received conf control leg SIP reInv
received conf control leg SIP reInv
received conf control leg SIP reInv
received conf control leg SIP reInv
received conf control leg SIP reInv
received conf control leg SIP reInv
received conf control leg SIP reInv
received conf control leg SIP reInv
received conf control leg SIP reInv
received conf control leg SIP reInv
received conf control leg SIP reInv
received conf control leg SIP reInv
received conf control leg SIP reInv
received conf control leg SIP reInv
received conf control leg SIP reInv
received conf control leg SIP reInv
received conf control leg SIP reInv
received conf control leg SIP reInv
received conf control leg SIP reInv
received conf control leg SIP reInv
received conf control leg SIP reInv
received conf control leg SIP reInv
received conf control leg SIP reInv
received conf control leg SIP reInv
received conf control leg SIP reInv
received conf control leg SIP reInv
received conf control leg SIP reInv
received conf control leg SIP reInv
received conf control leg SIP reInv
received conf control leg SIP reInv
received conf control leg SIP reInv
received conf control leg SIP reInv
received conf control leg SIP reInv
received conf control leg SIP reInv
received conf control leg SIP reInv
received conf control leg SIP reInv
received conf control leg SIP reInv
received conf control leg SIP reInv
received conf control leg SIP reInv
received conf control leg SIP reInv
received conf control leg SIP reInv
received conf control leg SIP reInv
received conf control leg SIP reInv
received conf control leg SIP reInv
received conf control leg SIP reInv
received conf control leg SIP reInv
received conf control leg SIP reInv
received conf control leg SIP reInv
received conf control leg SIP reInv
received conf control leg SIP reInv
received conf control leg SIP reInv
received conf control leg SIP reInv
received conf control leg SIP reInv
received conf control leg SIP reInv
received conf control leg SIP reInv
received conf control leg SIP reInv
received conf control leg SIP reInv
received conf control leg SIP reInv
received conf control leg SIP reInv
received conf control leg SIP reInv
received conf control leg SIP reInv
received conf control leg SIP reInv
received conf control leg SIP reInv
received conf control leg SIP reInv
received conf control leg SIP reInv
received conf control leg SIP reInv
received conf control leg SIP reInv
received conf control leg SIP reInv
received conf control leg SIP reInv
received conf control leg SIP reInv
received conf control leg SIP reInv
received conf control leg SIP reInv
received conf control leg SIP reInv
received conf control leg SIP reInv
received conf control leg SIP reInv
received conf control leg SIP reInv
received conf control leg SIP reInv
received conf control leg SIP reInv
received conf control leg SIP reInv
received conf control leg SIP reInv
received conf control leg SIP reInv
received conf control leg SIP reInv
received conf control leg SIP reInv
received conf control leg SIP reInv
received conf control leg SIP reInv
received conf control leg SIP reInv
received conf control leg SIP reInv
received conf control leg SIP reInv
received conf control leg SIP reInv
received conf control leg SIP reInv
received conf control leg SIP reInv
received conf control leg SIP reInv
received conf control leg SIP reInv
received conf control leg SIP reInv
received conf control leg SIP reInv
received conf control leg SIP reInv
received conf control leg SIP reInv
received conf control leg SIP reInv
received conf control leg SIP reInv
received conf control leg SIP reInv
received conf control leg SIP reInv
received conf control leg SIP reInv
received conf control leg SIP reInv
received conf control leg SIP reInv
received conf control leg SIP reInv
received conf control leg SIP reInv
received conf control leg SIP reInv
received conf control leg SIP reInv
received conf control leg SIP reInv
received conf control leg SIP reInv
received conf control leg SIP reInv
received conf control leg SIP reInv
received conf control leg SIP reInv
received conf control leg SIP reInv
received conf control leg SIP reInv
received conf control leg SIP reInv
received conf control leg SIP reInv
received conf control leg SIP reInv
received conf control leg SIP reInv
received conf control leg SIP reInv
received conf control leg SIP reInv
received conf control leg SIP reInv
received conf control leg SIP reInv
received conf control leg SIP reInv
received conf control leg SIP reInv
received conf control leg SIP reInv
received conf control leg SIP reInv
received conf control leg SIP reInv
received conf control leg SIP reInv
received conf control leg SIP reInv
received conf control leg SIP reInv
received conf control leg SIP reInv
received conf control leg SIP reInv
received conf control leg SIP reInv
received conf control leg SIP reInv
received conf control leg SIP reInv
received conf control leg SIP reInv
received conf control leg SIP reInv
received conf control leg SIP reInv
received conf control leg SIP reInv
received conf control leg SIP reInv
received conf control leg SIP reInv
received conf control leg SIP reInv
received conf control leg SIP reInv
received conf control leg SIP reInv
received conf control leg SIP reInv
received conf control leg SIP reInv
received conf control leg SIP reInv
received conf control leg SIP reInv
received conf control leg SIP reInv
received conf control leg SIP reInv
received conf control leg SIP reInv
received conf control leg SIP reInv
received conf control leg SIP reInv
received conf control leg SIP reInv
received conf control leg SIP reInv
received conf control leg SIP reInv
received conf control leg SIP reInv
received conf control leg SIP reInv
received conf control leg SIP reInv
received conf control leg SIP reInv
received conf control leg SIP reInv
received conf control leg SIP reInv
received conf control leg SIP reInv
received conf control leg SIP reInv
received conf control leg SIP reInv
received conf control leg SIP reInv
received conf control leg SIP reInv
received conf control leg SIP reInv
received conf control leg SIP reInv
received conf control leg SIP reInv
received conf control leg SIP reInv
received conf control leg SIP reInv
received conf control leg SIP reInv
received conf control leg SIP reInv
received conf control leg SIP reInv
received conf control leg SIP reInv
received conf control leg SIP reInv
received conf control leg SIP reInv
received conf control leg SIP reInv
received conf control leg SIP reInv
received conf control leg SIP reInv
received conf control leg SIP reInv
received conf control leg SIP reInv
received conf control leg SIP reInv
received conf control leg SIP reInv
received conf control leg SIP reInv
received conf control leg SIP reInv
received conf control leg SIP reInv
received conf control leg SIP reInv
received conf control leg SIP reInv
received conf control leg SIP reInv
received conf control leg SIP reInv
received conf control leg SIP reInv
received conf control leg SIP reInv
received conf control leg SIP reInv
received conf control leg SIP reInv
received conf control leg SIP reInv
received conf control leg SIP reInv
received conf control leg SIP reInv
received conf control leg SIP reInv
received conf control leg SIP reInv
received conf control leg SIP reInv
received conf control leg SIP reInv
received conf control leg SIP reInv
received conf control leg SIP reInv
received conf control leg SIP reInv
received conf control leg SIP reInv
received conf control leg SIP reInv
received conf control leg SIP reInv
received conf control leg SIP reInv
received conf control leg SIP reInv
received conf control leg SIP reInv
received conf control leg SIP reInv
received conf control leg SIP reInv
received conf control leg SIP reInv
received conf control leg SIP reInv
received conf control leg SIP reInv
received conf control leg SIP reInv
received conf control leg SIP reInv
received conf control leg SIP reInv
received conf control leg SIP reInv
received conf control leg SIP reInv
received conf control leg SIP reInv
received conf control leg SIP reInv
received conf control leg SIP reInv
received conf control leg SIP reInv
received conf control leg SIP reInv
received conf control leg SIP reInv
received conf control leg SIP reInv
received conf control leg SIP reInv
received conf control leg SIP reInv
received conf control leg SIP reInv
received conf control leg SIP reInv
received conf control leg SIP reInv
received conf control leg SIP reInv
received conf control leg SIP reInv
received conf control leg SIP reInv
received conf control leg SIP reInv
received conf control leg SIP reInv
received conf control leg SIP reInv
received conf control leg SIP reInv
received conf control leg SIP reInv
received conf control leg SIP reInv
received conf control leg SIP reInv
received conf control leg SIP reInv
received conf control leg SIP reInv
received conf control leg SIP reInv
received conf control leg SIP reInv
received conf control leg SIP reInv
received conf control leg SIP reInv
received conf control leg SIP reInv
received conf control leg SIP reInv
received conf control leg SIP reInv
received conf control leg SIP reInv
received conf control leg SIP reInv
received conf control leg SIP reInv
received conf control leg SIP reInv
received conf control leg SIP reInv
received conf control leg SIP reInv
received conf control leg SIP reInv
received conf control leg SIP reInv
received conf control leg SIP reInv
received conf control leg SIP reInv
received conf control leg SIP reInv
received conf control leg SIP reInv
received conf control leg SIP reInv
received conf control leg SIP reInv
received conf control leg SIP reInv
received conf control leg SIP reInv
received conf control leg SIP reInv
received conf control leg SIP reInv
received conf control leg SIP reInv
received conf control leg SIP reInv
received conf control leg SIP reInv
received conf control leg SIP reInv
received conf control leg SIP reInv
received conf control leg SIP reInv
received conf control leg SIP reInv
received conf control leg SIP reInv
received conf control leg SIP reInv
received conf control leg SIP reInv
received conf control leg SIP reInv
received conf control leg SIP reInv
received conf control leg SIP reInv
received conf control leg SIP reInv
received conf control leg SIP reInv
received conf control leg SIP reInv
received conf control leg SIP reInv
received conf control leg SIP reInv
received conf control leg SIP reInv
received conf control leg SIP reInv
received conf control leg SIP reInv
received conf control leg SIP reInv
received conf control leg SIP reInv
received conf control leg SIP reInv
received conf control leg SIP reInv
received conf control leg SIP reInv
received conf control leg SIP reInv
received conf control leg SIP reInv
received conf control leg SIP reInv
received conf control leg SIP reInv
received conf control leg SIP reInv
received conf control leg SIP reInv
received conf control leg SIP reInv
received conf control leg SIP reInv
received conf control leg SIP reInv
received conf control leg SIP reInv
received conf control leg SIP reInv
received conf control leg SIP reInv
received conf control leg SIP reInv
received conf control leg SIP reInv
received conf control leg SIP reInv
received conf control leg SIP reInv
received conf control leg SIP reInv
received conf control leg SIP reInv
received conf control leg SIP reInv
received conf control leg SIP reInv
received conf control leg SIP reInv
received conf control leg SIP reInv
received conf control leg SIP reInv
received conf control leg SIP reInv
received conf control leg SIP reInv
received conf control leg SIP reInv
received conf control leg SIP reInv
received conf control leg SIP reInv
received conf control leg SIP reInv
received conf control leg SIP reInv
received conf control leg SIP reInv
received conf control leg SIP reInv
received conf control leg SIP reInv
received conf control leg SIP reInv
received conf control leg SIP reInv
received conf control leg SIP reInv
received conf control leg SIP reInv
received conf control leg SIP reInv
received conf control leg SIP reInv
received conf control leg SIP reInv
received conf control leg SIP reInv
received conf control leg SIP reInv
received conf control leg SIP reInv
received conf control leg SIP reInv
received conf control leg SIP reInv
received conf control leg SIP reInv
received conf control leg SIP reInv
received conf control leg SIP reInv
received conf control leg SIP reInv
received conf control leg SIP reInv
received conf control leg SIP reInv
received conf control leg SIP reInv
received conf control leg SIP reInv
received conf control leg SIP reInv
received conf control leg SIP reInv
received conf control leg SIP reInv
received conf control leg SIP reInv
received conf control leg SIP reInv
received conf control leg SIP reInv
received conf control leg SIP reInv
received conf control leg SIP reInv
received conf control leg SIP reInv
received conf control leg SIP reInv
received conf control leg SIP reInv
received conf control leg SIP reInv
received conf control leg SIP reInv
received conf control leg SIP reInv
received conf control leg SIP reInv
received conf control leg SIP reInv
received conf control leg SIP reInv
received conf control leg SIP reInv
received conf control leg SIP reInv
received conf control leg SIP reInv
received conf control leg SIP reInv
received conf control leg SIP reInv
received conf control leg SIP reInv
received conf control leg SIP reInv
received conf control leg SIP reInv
received conf control leg SIP reInv
received conf control leg SIP reInv
received conf control leg SIP reInv
received conf control leg SIP reInv
received conf control leg SIP reInv
received conf control leg SIP reInv
received conf control leg SIP reInv
received conf control leg SIP reInv
received conf control leg SIP reInv
received conf control leg SIP reInv
received conf control leg SIP reInv
received conf control leg SIP reInv
received conf control leg SIP reInv
received conf control leg SIP reInv
received conf control leg SIP reInv
received conf control leg SIP reInv
received conf control leg SIP reInv
received conf control leg SIP reInv
received conf control leg SIP reInv
received conf control leg SIP reInv
received conf control leg SIP reInv
received conf control leg SIP reInv
received conf control leg SIP reInv
received conf control leg SIP reInv
received conf control leg SIP reInv
received conf control leg SIP reInv
received conf control leg SIP reInv
received conf control leg SIP reInv
received conf control leg SIP reInv
received conf control leg SIP reInv
received conf control leg SIP reInv
received conf control leg SIP reInv
received conf control leg SIP reInv
received conf control leg SIP reInv
received conf control leg SIP reInv
received conf control leg SIP reInv
received conf control leg SIP reInv
received conf control leg SIP reInv
received conf control leg SIP reInv
received conf control leg SIP reInv
received conf control leg SIP reInv
received conf control leg SIP reInv
received conf control leg SIP reInv
received conf control leg SIP reInv
received conf control leg SIP reInv
received conf control leg SIP reInv
received conf control leg SIP reInv
received conf control leg SIP reInv
received conf control leg SIP reInv
received conf control leg SIP reInv
received conf control leg SIP reInv
received conf control leg SIP reInv
received conf control leg SIP reInv
received conf control leg SIP reInv
received conf control leg SIP reInv
received conf control leg SIP reInv
received conf control leg SIP reInv
received conf control leg SIP reInv
received conf control leg SIP reInv
received conf control leg SIP reInv
received conf control leg SIP reInv
received conf control leg SIP reInv
received conf control leg SIP reInv
received conf control leg SIP reInv
received conf control leg SIP reInv
received conf control leg SIP reInv
received conf control leg SIP reInv
received conf control leg SIP reInv
received conf control leg SIP reInv
received conf control leg SIP reInv
received conf control leg SIP reInv
received conf control leg SIP reInv
received conf control leg SIP reInv
received conf control leg SIP reInv
received conf control leg SIP reInv
received conf control leg SIP reInv
received conf control leg SIP reInv
received conf control leg SIP reInv
received conf control leg SIP reInv
received conf control leg SIP reInv
received conf control leg SIP reInv
received conf control leg SIP reInv
received conf control leg SIP reInv
received conf control leg SIP reInv
received conf control leg SIP reInv
received conf control leg SIP reInv
received conf control leg SIP reInv
received conf control leg SIP reInv
received conf control leg SIP reInv
received conf control leg SIP reInv
received conf control leg SIP reInv
received conf control leg SIP reInv
received conf control leg SIP reInv
received conf control leg SIP reInv
received conf control leg SIP reInv
received conf control leg SIP reInv
received conf control leg SIP reInv
received conf control leg SIP reInv
received conf control leg SIP reInv
received conf control leg SIP reInv
received conf control leg SIP reInv
received conf control leg SIP reInv
received conf control leg SIP reInv
received conf control leg SIP reInv
received conf control leg SIP reInv
received conf control leg SIP reInv
received conf control leg SIP reInv
